[2021-08-30 00:15:11.307] [exthost] [info] extension host started
[2021-08-30 00:15:11.308] [exthost] [info] Skipping acquiring lock for /home/kasey/.config/VSCodium/User/workspaceStorage/40cb74cd7b6c5c43d91090f53d8de327.
[2021-08-30 00:15:11.359] [exthost] [info] ExtensionService#_doActivateExtension vscode.debug-auto-launch {"startup":true,"extensionId":{"value":"vscode.debug-auto-launch","_lower":"vscode.debug-auto-launch"},"activationEvent":"*"}
[2021-08-30 00:15:11.359] [exthost] [info] ExtensionService#loadCommonJSModule file:///usr/share/vscodium-git/resources/app/extensions/debug-auto-launch/dist/extension
[2021-08-30 00:15:11.363] [exthost] [info] ExtensionService#_doActivateExtension vscode.git {"startup":true,"extensionId":{"value":"vscode.github","_lower":"vscode.github"},"activationEvent":"*"}
[2021-08-30 00:15:11.363] [exthost] [info] ExtensionService#loadCommonJSModule file:///usr/share/vscodium-git/resources/app/extensions/git/dist/main
[2021-08-30 00:15:11.443] [exthost] [info] ExtensionService#_doActivateExtension vscode.github {"startup":true,"extensionId":{"value":"vscode.github","_lower":"vscode.github"},"activationEvent":"*"}
[2021-08-30 00:15:11.443] [exthost] [info] ExtensionService#loadCommonJSModule file:///usr/share/vscodium-git/resources/app/extensions/github/dist/extension.js
[2021-08-30 00:15:11.474] [exthost] [warning] [Decorations] CAPPING events from decorations provider vscode.git 660
[2021-08-30 00:15:11.484] [exthost] [info] eager extensions activated
[2021-08-30 00:15:11.692] [exthost] [info] ExtensionService#_doActivateExtension ms-vscode.js-debug {"startup":false,"extensionId":{"value":"ms-vscode.js-debug","_lower":"ms-vscode.js-debug"},"activationEvent":"onCommand:extension.js-debug.clearAutoAttachVariables"}
[2021-08-30 00:15:11.692] [exthost] [info] ExtensionService#loadCommonJSModule file:///usr/share/vscodium-git/resources/app/extensions/ms-vscode.js-debug/src/extension.js
[2021-08-30 00:15:11.777] [exthost] [info] ExtensionService#_doActivateExtension vscode.emmet {"startup":false,"extensionId":{"value":"vscode.emmet","_lower":"vscode.emmet"},"activationEvent":"onStartupFinished"}
[2021-08-30 00:15:11.777] [exthost] [info] ExtensionService#loadCommonJSModule file:///usr/share/vscodium-git/resources/app/extensions/emmet/dist/node/emmetNodeMain
[2021-08-30 00:15:11.788] [exthost] [info] ExtensionService#_doActivateExtension vscode.merge-conflict {"startup":false,"extensionId":{"value":"vscode.merge-conflict","_lower":"vscode.merge-conflict"},"activationEvent":"onStartupFinished"}
[2021-08-30 00:15:11.788] [exthost] [info] ExtensionService#loadCommonJSModule file:///usr/share/vscodium-git/resources/app/extensions/merge-conflict/dist/mergeConflictMain
[2021-08-30 00:15:14.743] [exthost] [warning] [Decorations] CAPPING events from decorations provider vscode.git 660
[2021-08-30 00:15:19.800] [exthost] [warning] [Decorations] CAPPING events from decorations provider vscode.git 660
[2021-08-30 00:15:24.868] [exthost] [warning] [Decorations] CAPPING events from decorations provider vscode.git 660
[2021-08-30 00:15:29.941] [exthost] [warning] [Decorations] CAPPING events from decorations provider vscode.git 660
[2021-08-30 00:15:35.006] [exthost] [warning] [Decorations] CAPPING events from decorations provider vscode.git 660
[2021-08-30 00:15:40.087] [exthost] [warning] [Decorations] CAPPING events from decorations provider vscode.git 660
[2021-08-30 00:15:45.140] [exthost] [warning] [Decorations] CAPPING events from decorations provider vscode.git 660
[2021-08-30 00:15:50.198] [exthost] [warning] [Decorations] CAPPING events from decorations provider vscode.git 660
[2021-08-30 00:15:55.246] [exthost] [warning] [Decorations] CAPPING events from decorations provider vscode.git 660
[2021-08-30 00:16:00.308] [exthost] [warning] [Decorations] CAPPING events from decorations provider vscode.git 660
[2021-08-30 00:16:05.373] [exthost] [warning] [Decorations] CAPPING events from decorations provider vscode.git 660
[2021-08-30 00:16:10.441] [exthost] [warning] [Decorations] CAPPING events from decorations provider vscode.git 660
[2021-08-30 00:16:15.507] [exthost] [warning] [Decorations] CAPPING events from decorations provider vscode.git 660
[2021-08-30 00:16:20.579] [exthost] [warning] [Decorations] CAPPING events from decorations provider vscode.git 660
[2021-08-30 00:16:25.643] [exthost] [warning] [Decorations] CAPPING events from decorations provider vscode.git 660
[2021-08-30 00:16:30.722] [exthost] [warning] [Decorations] CAPPING events from decorations provider vscode.git 660
[2021-08-30 00:16:35.788] [exthost] [warning] [Decorations] CAPPING events from decorations provider vscode.git 660
[2021-08-30 00:16:40.836] [exthost] [warning] [Decorations] CAPPING events from decorations provider vscode.git 660
[2021-08-30 00:16:45.884] [exthost] [warning] [Decorations] CAPPING events from decorations provider vscode.git 660
[2021-08-30 00:16:50.936] [exthost] [warning] [Decorations] CAPPING events from decorations provider vscode.git 660
[2021-08-30 00:16:55.985] [exthost] [warning] [Decorations] CAPPING events from decorations provider vscode.git 660
[2021-08-30 00:17:01.032] [exthost] [warning] [Decorations] CAPPING events from decorations provider vscode.git 660
[2021-08-30 00:17:42.266] [exthost] [warning] [Decorations] CAPPING events from decorations provider vscode.git 660
[2021-08-30 00:17:47.327] [exthost] [warning] [Decorations] CAPPING events from decorations provider vscode.git 660
[2021-08-30 00:17:52.394] [exthost] [warning] [Decorations] CAPPING events from decorations provider vscode.git 661
[2021-08-30 00:17:57.456] [exthost] [warning] [Decorations] CAPPING events from decorations provider vscode.git 661
[2021-08-30 00:18:02.522] [exthost] [warning] [Decorations] CAPPING events from decorations provider vscode.git 661
[2021-08-30 00:18:07.600] [exthost] [warning] [Decorations] CAPPING events from decorations provider vscode.git 661
[2021-08-30 00:18:12.668] [exthost] [warning] [Decorations] CAPPING events from decorations provider vscode.git 661
[2021-08-30 00:18:17.732] [exthost] [warning] [Decorations] CAPPING events from decorations provider vscode.git 660
