[2021-08-30 01:46:13.046] [exthost] [info] extension host started
[2021-08-30 01:46:13.046] [exthost] [info] Skipping acquiring lock for /home/kasey/.config/VSCodium/User/workspaceStorage/40cb74cd7b6c5c43d91090f53d8de327.
[2021-08-30 01:46:13.109] [exthost] [info] ExtensionService#_doActivateExtension vscode.debug-auto-launch {"startup":true,"extensionId":{"value":"vscode.debug-auto-launch","_lower":"vscode.debug-auto-launch"},"activationEvent":"*"}
[2021-08-30 01:46:13.109] [exthost] [info] ExtensionService#loadCommonJSModule file:///usr/share/vscodium-git/resources/app/extensions/debug-auto-launch/dist/extension
[2021-08-30 01:46:13.111] [exthost] [info] ExtensionService#_doActivateExtension vscode.git {"startup":true,"extensionId":{"value":"vscode.github","_lower":"vscode.github"},"activationEvent":"*"}
[2021-08-30 01:46:13.111] [exthost] [info] ExtensionService#loadCommonJSModule file:///usr/share/vscodium-git/resources/app/extensions/git/dist/main
[2021-08-30 01:46:13.179] [exthost] [info] ExtensionService#_doActivateExtension vscode.github {"startup":true,"extensionId":{"value":"vscode.github","_lower":"vscode.github"},"activationEvent":"*"}
[2021-08-30 01:46:13.179] [exthost] [info] ExtensionService#loadCommonJSModule file:///usr/share/vscodium-git/resources/app/extensions/github/dist/extension.js
[2021-08-30 01:46:13.218] [exthost] [warning] [Decorations] CAPPING events from decorations provider vscode.git 767
[2021-08-30 01:46:13.230] [exthost] [info] eager extensions activated
[2021-08-30 01:46:13.455] [exthost] [info] ExtensionService#_doActivateExtension ms-vscode.js-debug {"startup":false,"extensionId":{"value":"ms-vscode.js-debug","_lower":"ms-vscode.js-debug"},"activationEvent":"onCommand:extension.js-debug.clearAutoAttachVariables"}
[2021-08-30 01:46:13.455] [exthost] [info] ExtensionService#loadCommonJSModule file:///usr/share/vscodium-git/resources/app/extensions/ms-vscode.js-debug/src/extension.js
[2021-08-30 01:46:13.527] [exthost] [info] ExtensionService#_doActivateExtension vscode.emmet {"startup":false,"extensionId":{"value":"vscode.emmet","_lower":"vscode.emmet"},"activationEvent":"onStartupFinished"}
[2021-08-30 01:46:13.527] [exthost] [info] ExtensionService#loadCommonJSModule file:///usr/share/vscodium-git/resources/app/extensions/emmet/dist/node/emmetNodeMain
[2021-08-30 01:46:13.531] [exthost] [info] ExtensionService#_doActivateExtension vscode.merge-conflict {"startup":false,"extensionId":{"value":"vscode.merge-conflict","_lower":"vscode.merge-conflict"},"activationEvent":"onStartupFinished"}
[2021-08-30 01:46:13.531] [exthost] [info] ExtensionService#loadCommonJSModule file:///usr/share/vscodium-git/resources/app/extensions/merge-conflict/dist/mergeConflictMain
[2021-08-30 01:46:15.586] [exthost] [warning] [Decorations] CAPPING events from decorations provider vscode.git 767
[2021-08-30 01:46:47.937] [exthost] [warning] [Decorations] CAPPING events from decorations provider vscode.git 767
[2021-08-30 01:46:53.004] [exthost] [warning] [Decorations] CAPPING events from decorations provider vscode.git 767
[2021-08-30 01:46:58.078] [exthost] [warning] [Decorations] CAPPING events from decorations provider vscode.git 767
[2021-08-30 01:47:03.159] [exthost] [warning] [Decorations] CAPPING events from decorations provider vscode.git 767
[2021-08-30 01:47:08.228] [exthost] [warning] [Decorations] CAPPING events from decorations provider vscode.git 767
[2021-08-30 01:50:59.977] [exthost] [warning] [Decorations] CAPPING events from decorations provider vscode.git 767
[2021-08-30 01:51:05.051] [exthost] [warning] [Decorations] CAPPING events from decorations provider vscode.git 767
[2021-08-30 01:51:10.138] [exthost] [warning] [Decorations] CAPPING events from decorations provider vscode.git 767
[2021-08-30 01:51:15.210] [exthost] [warning] [Decorations] CAPPING events from decorations provider vscode.git 767
[2021-08-30 01:51:31.872] [exthost] [warning] [Decorations] CAPPING events from decorations provider vscode.git 767
[2021-08-30 01:51:36.940] [exthost] [warning] [Decorations] CAPPING events from decorations provider vscode.git 767
[2021-08-30 01:51:42.006] [exthost] [warning] [Decorations] CAPPING events from decorations provider vscode.git 768
[2021-08-30 01:51:47.082] [exthost] [warning] [Decorations] CAPPING events from decorations provider vscode.git 768
[2021-08-30 01:51:52.142] [exthost] [warning] [Decorations] CAPPING events from decorations provider vscode.git 768
[2021-08-30 01:51:57.208] [exthost] [warning] [Decorations] CAPPING events from decorations provider vscode.git 768
[2021-08-30 01:52:02.281] [exthost] [warning] [Decorations] CAPPING events from decorations provider vscode.git 768
[2021-08-30 01:52:07.352] [exthost] [warning] [Decorations] CAPPING events from decorations provider vscode.git 768
[2021-08-30 01:52:12.419] [exthost] [warning] [Decorations] CAPPING events from decorations provider vscode.git 768
[2021-08-30 01:52:17.490] [exthost] [warning] [Decorations] CAPPING events from decorations provider vscode.git 768
[2021-08-30 01:52:22.576] [exthost] [warning] [Decorations] CAPPING events from decorations provider vscode.git 768
[2021-08-30 01:52:27.646] [exthost] [warning] [Decorations] CAPPING events from decorations provider vscode.git 767
[2021-08-30 01:52:32.714] [exthost] [warning] [Decorations] CAPPING events from decorations provider vscode.git 767
[2021-08-30 01:52:37.794] [exthost] [warning] [Decorations] CAPPING events from decorations provider vscode.git 767
[2021-08-30 01:52:42.862] [exthost] [warning] [Decorations] CAPPING events from decorations provider vscode.git 767
[2021-08-30 01:52:47.928] [exthost] [warning] [Decorations] CAPPING events from decorations provider vscode.git 767
[2021-08-30 01:53:26.027] [exthost] [warning] [Decorations] CAPPING events from decorations provider vscode.git 767
[2021-08-30 01:53:31.094] [exthost] [warning] [Decorations] CAPPING events from decorations provider vscode.git 768
[2021-08-30 01:53:36.160] [exthost] [warning] [Decorations] CAPPING events from decorations provider vscode.git 768
[2021-08-30 01:53:41.230] [exthost] [warning] [Decorations] CAPPING events from decorations provider vscode.git 768
[2021-08-30 01:53:46.305] [exthost] [warning] [Decorations] CAPPING events from decorations provider vscode.git 767
[2021-08-30 01:53:51.373] [exthost] [warning] [Decorations] CAPPING events from decorations provider vscode.git 768
[2021-08-30 01:53:56.441] [exthost] [warning] [Decorations] CAPPING events from decorations provider vscode.git 768
[2021-08-30 01:54:01.495] [exthost] [warning] [Decorations] CAPPING events from decorations provider vscode.git 767
[2021-08-30 01:54:06.564] [exthost] [warning] [Decorations] CAPPING events from decorations provider vscode.git 768
[2021-08-30 01:54:11.628] [exthost] [warning] [Decorations] CAPPING events from decorations provider vscode.git 768
[2021-08-30 01:54:16.696] [exthost] [warning] [Decorations] CAPPING events from decorations provider vscode.git 768
[2021-08-30 01:54:25.349] [exthost] [warning] [Decorations] CAPPING events from decorations provider vscode.git 768
[2021-08-30 01:54:30.425] [exthost] [warning] [Decorations] CAPPING events from decorations provider vscode.git 768
[2021-08-30 01:54:35.477] [exthost] [warning] [Decorations] CAPPING events from decorations provider vscode.git 767
[2021-08-30 01:54:40.530] [exthost] [warning] [Decorations] CAPPING events from decorations provider vscode.git 767
[2021-08-30 02:00:49.607] [exthost] [warning] [Decorations] CAPPING events from decorations provider vscode.git 767
[2021-08-30 02:00:53.869] [exthost] [info] ExtensionService#_doActivateExtension vscode.extension-editing {"startup":false,"extensionId":{"value":"vscode.extension-editing","_lower":"vscode.extension-editing"},"activationEvent":"onLanguage:markdown"}
[2021-08-30 02:00:53.870] [exthost] [info] ExtensionService#loadCommonJSModule file:///usr/share/vscodium-git/resources/app/extensions/extension-editing/dist/extensionEditingMain
[2021-08-30 02:00:53.915] [exthost] [info] ExtensionService#_doActivateExtension vscode.markdown-language-features {"startup":false,"extensionId":{"value":"vscode.markdown-language-features","_lower":"vscode.markdown-language-features"},"activationEvent":"onLanguage:markdown"}
[2021-08-30 02:00:53.915] [exthost] [info] ExtensionService#loadCommonJSModule file:///usr/share/vscodium-git/resources/app/extensions/markdown-language-features/dist/extension
[2021-08-30 02:00:54.075] [exthost] [info] ExtensionService#_doActivateExtension vscode.markdown-math {"startup":false,"extensionId":{"value":"vscode.markdown-language-features","_lower":"vscode.markdown-language-features"},"activationEvent":"api"}
[2021-08-30 02:00:54.075] [exthost] [info] ExtensionService#loadCommonJSModule file:///usr/share/vscodium-git/resources/app/extensions/markdown-math/dist/extension
[2021-08-30 02:00:54.671] [exthost] [warning] [Decorations] CAPPING events from decorations provider vscode.git 768
[2021-08-30 02:01:05.774] [exthost] [warning] [Decorations] CAPPING events from decorations provider vscode.git 769
[2021-08-30 02:01:10.850] [exthost] [warning] [Decorations] CAPPING events from decorations provider vscode.git 772
[2021-08-30 02:01:15.920] [exthost] [warning] [Decorations] CAPPING events from decorations provider vscode.git 772
[2021-08-30 02:01:20.988] [exthost] [warning] [Decorations] CAPPING events from decorations provider vscode.git 772
[2021-08-30 02:01:26.051] [exthost] [warning] [Decorations] CAPPING events from decorations provider vscode.git 772
[2021-08-30 02:01:31.129] [exthost] [warning] [Decorations] CAPPING events from decorations provider vscode.git 772
[2021-08-30 02:01:36.208] [exthost] [warning] [Decorations] CAPPING events from decorations provider vscode.git 772
[2021-08-30 02:01:41.277] [exthost] [warning] [Decorations] CAPPING events from decorations provider vscode.git 772
[2021-08-30 02:01:46.342] [exthost] [warning] [Decorations] CAPPING events from decorations provider vscode.git 772
[2021-08-30 02:01:51.416] [exthost] [warning] [Decorations] CAPPING events from decorations provider vscode.git 772
[2021-08-30 02:01:56.496] [exthost] [warning] [Decorations] CAPPING events from decorations provider vscode.git 772
[2021-08-30 02:02:01.574] [exthost] [warning] [Decorations] CAPPING events from decorations provider vscode.git 772
[2021-08-30 02:02:06.645] [exthost] [warning] [Decorations] CAPPING events from decorations provider vscode.git 772
[2021-08-30 02:02:11.706] [exthost] [warning] [Decorations] CAPPING events from decorations provider vscode.git 772
[2021-08-30 02:02:16.771] [exthost] [warning] [Decorations] CAPPING events from decorations provider vscode.git 772
[2021-08-30 02:02:21.849] [exthost] [warning] [Decorations] CAPPING events from decorations provider vscode.git 772
[2021-08-30 02:02:26.918] [exthost] [warning] [Decorations] CAPPING events from decorations provider vscode.git 772
[2021-08-30 02:02:31.988] [exthost] [warning] [Decorations] CAPPING events from decorations provider vscode.git 772
[2021-08-30 02:02:37.058] [exthost] [warning] [Decorations] CAPPING events from decorations provider vscode.git 772
[2021-08-30 02:02:42.130] [exthost] [warning] [Decorations] CAPPING events from decorations provider vscode.git 772
[2021-08-30 02:02:47.186] [exthost] [warning] [Decorations] CAPPING events from decorations provider vscode.git 772
[2021-08-30 02:02:52.248] [exthost] [warning] [Decorations] CAPPING events from decorations provider vscode.git 772
[2021-08-30 02:02:57.311] [exthost] [warning] [Decorations] CAPPING events from decorations provider vscode.git 772
[2021-08-30 02:03:02.368] [exthost] [warning] [Decorations] CAPPING events from decorations provider vscode.git 772
[2021-08-30 02:03:07.435] [exthost] [warning] [Decorations] CAPPING events from decorations provider vscode.git 772
[2021-08-30 02:03:12.498] [exthost] [warning] [Decorations] CAPPING events from decorations provider vscode.git 772
[2021-08-30 02:03:17.580] [exthost] [warning] [Decorations] CAPPING events from decorations provider vscode.git 772
[2021-08-30 02:03:22.650] [exthost] [warning] [Decorations] CAPPING events from decorations provider vscode.git 772
[2021-08-30 02:03:27.721] [exthost] [warning] [Decorations] CAPPING events from decorations provider vscode.git 772
[2021-08-30 02:03:32.788] [exthost] [warning] [Decorations] CAPPING events from decorations provider vscode.git 772
[2021-08-30 02:03:37.857] [exthost] [warning] [Decorations] CAPPING events from decorations provider vscode.git 772
[2021-08-30 02:03:42.933] [exthost] [warning] [Decorations] CAPPING events from decorations provider vscode.git 772
[2021-08-30 02:03:48.005] [exthost] [warning] [Decorations] CAPPING events from decorations provider vscode.git 772
[2021-08-30 02:03:53.068] [exthost] [warning] [Decorations] CAPPING events from decorations provider vscode.git 772
[2021-08-30 02:03:58.143] [exthost] [warning] [Decorations] CAPPING events from decorations provider vscode.git 772
[2021-08-30 02:04:03.214] [exthost] [warning] [Decorations] CAPPING events from decorations provider vscode.git 772
[2021-08-30 02:04:19.364] [exthost] [warning] [Decorations] CAPPING events from decorations provider vscode.git 772
[2021-08-30 02:04:24.441] [exthost] [warning] [Decorations] CAPPING events from decorations provider vscode.git 772
[2021-08-30 02:04:44.313] [exthost] [warning] [Decorations] CAPPING events from decorations provider vscode.git 772
[2021-08-30 02:04:49.373] [exthost] [warning] [Decorations] CAPPING events from decorations provider vscode.git 772
[2021-08-30 02:04:54.435] [exthost] [warning] [Decorations] CAPPING events from decorations provider vscode.git 772
[2021-08-30 02:04:59.506] [exthost] [warning] [Decorations] CAPPING events from decorations provider vscode.git 772
[2021-08-30 02:05:08.799] [exthost] [warning] [Decorations] CAPPING events from decorations provider vscode.git 772
[2021-08-30 02:05:13.869] [exthost] [warning] [Decorations] CAPPING events from decorations provider vscode.git 772
[2021-08-30 02:05:18.932] [exthost] [warning] [Decorations] CAPPING events from decorations provider vscode.git 772
[2021-08-30 02:05:24.012] [exthost] [warning] [Decorations] CAPPING events from decorations provider vscode.git 772
[2021-08-30 02:05:29.095] [exthost] [warning] [Decorations] CAPPING events from decorations provider vscode.git 772
[2021-08-30 02:05:34.167] [exthost] [warning] [Decorations] CAPPING events from decorations provider vscode.git 772
[2021-08-30 02:05:39.236] [exthost] [warning] [Decorations] CAPPING events from decorations provider vscode.git 772
[2021-08-30 02:05:44.304] [exthost] [warning] [Decorations] CAPPING events from decorations provider vscode.git 772
[2021-08-30 02:05:49.360] [exthost] [warning] [Decorations] CAPPING events from decorations provider vscode.git 772
[2021-08-30 02:05:54.417] [exthost] [warning] [Decorations] CAPPING events from decorations provider vscode.git 772
[2021-08-30 02:05:59.486] [exthost] [warning] [Decorations] CAPPING events from decorations provider vscode.git 772
[2021-08-30 02:06:04.565] [exthost] [warning] [Decorations] CAPPING events from decorations provider vscode.git 772
[2021-08-30 02:06:09.627] [exthost] [warning] [Decorations] CAPPING events from decorations provider vscode.git 772
[2021-08-30 02:06:14.699] [exthost] [warning] [Decorations] CAPPING events from decorations provider vscode.git 772
[2021-08-30 02:06:19.757] [exthost] [warning] [Decorations] CAPPING events from decorations provider vscode.git 772
[2021-08-30 02:06:24.833] [exthost] [warning] [Decorations] CAPPING events from decorations provider vscode.git 772
[2021-08-30 02:06:29.906] [exthost] [warning] [Decorations] CAPPING events from decorations provider vscode.git 772
[2021-08-30 02:06:34.975] [exthost] [warning] [Decorations] CAPPING events from decorations provider vscode.git 772
[2021-08-30 02:06:40.053] [exthost] [warning] [Decorations] CAPPING events from decorations provider vscode.git 772
[2021-08-30 02:06:45.124] [exthost] [warning] [Decorations] CAPPING events from decorations provider vscode.git 772
[2021-08-30 02:06:50.190] [exthost] [warning] [Decorations] CAPPING events from decorations provider vscode.git 772
[2021-08-30 02:06:55.258] [exthost] [warning] [Decorations] CAPPING events from decorations provider vscode.git 772
[2021-08-30 02:07:00.325] [exthost] [warning] [Decorations] CAPPING events from decorations provider vscode.git 772
[2021-08-30 02:07:05.414] [exthost] [warning] [Decorations] CAPPING events from decorations provider vscode.git 772
[2021-08-30 02:07:10.490] [exthost] [warning] [Decorations] CAPPING events from decorations provider vscode.git 772
[2021-08-30 02:07:15.569] [exthost] [warning] [Decorations] CAPPING events from decorations provider vscode.git 772
[2021-08-30 02:07:20.638] [exthost] [warning] [Decorations] CAPPING events from decorations provider vscode.git 772
[2021-08-30 02:07:25.707] [exthost] [warning] [Decorations] CAPPING events from decorations provider vscode.git 772
[2021-08-30 02:07:30.785] [exthost] [warning] [Decorations] CAPPING events from decorations provider vscode.git 772
[2021-08-30 02:07:35.846] [exthost] [warning] [Decorations] CAPPING events from decorations provider vscode.git 772
[2021-08-30 02:07:40.901] [exthost] [warning] [Decorations] CAPPING events from decorations provider vscode.git 772
[2021-08-30 02:07:45.976] [exthost] [warning] [Decorations] CAPPING events from decorations provider vscode.git 772
[2021-08-30 02:07:51.052] [exthost] [warning] [Decorations] CAPPING events from decorations provider vscode.git 772
[2021-08-30 02:07:56.125] [exthost] [warning] [Decorations] CAPPING events from decorations provider vscode.git 772
[2021-08-30 02:08:01.203] [exthost] [warning] [Decorations] CAPPING events from decorations provider vscode.git 772
[2021-08-30 02:08:06.274] [exthost] [warning] [Decorations] CAPPING events from decorations provider vscode.git 772
[2021-08-30 02:08:11.343] [exthost] [warning] [Decorations] CAPPING events from decorations provider vscode.git 772
[2021-08-30 02:08:16.412] [exthost] [warning] [Decorations] CAPPING events from decorations provider vscode.git 772
[2021-08-30 02:08:21.484] [exthost] [warning] [Decorations] CAPPING events from decorations provider vscode.git 772
[2021-08-30 02:08:26.552] [exthost] [warning] [Decorations] CAPPING events from decorations provider vscode.git 772
[2021-08-30 02:08:31.622] [exthost] [warning] [Decorations] CAPPING events from decorations provider vscode.git 772
[2021-08-30 02:08:36.696] [exthost] [warning] [Decorations] CAPPING events from decorations provider vscode.git 772
[2021-08-30 02:08:41.768] [exthost] [warning] [Decorations] CAPPING events from decorations provider vscode.git 772
[2021-08-30 02:08:46.835] [exthost] [warning] [Decorations] CAPPING events from decorations provider vscode.git 772
[2021-08-30 02:08:51.890] [exthost] [warning] [Decorations] CAPPING events from decorations provider vscode.git 772
[2021-08-30 02:08:56.950] [exthost] [warning] [Decorations] CAPPING events from decorations provider vscode.git 772
[2021-08-30 02:09:02.018] [exthost] [warning] [Decorations] CAPPING events from decorations provider vscode.git 772
[2021-08-30 02:09:07.074] [exthost] [warning] [Decorations] CAPPING events from decorations provider vscode.git 772
[2021-08-30 02:09:12.141] [exthost] [warning] [Decorations] CAPPING events from decorations provider vscode.git 772
[2021-08-30 02:09:17.213] [exthost] [warning] [Decorations] CAPPING events from decorations provider vscode.git 772
[2021-08-30 02:09:22.279] [exthost] [warning] [Decorations] CAPPING events from decorations provider vscode.git 772
[2021-08-30 02:09:27.359] [exthost] [warning] [Decorations] CAPPING events from decorations provider vscode.git 772
[2021-08-30 02:09:32.425] [exthost] [warning] [Decorations] CAPPING events from decorations provider vscode.git 772
[2021-08-30 02:09:37.513] [exthost] [warning] [Decorations] CAPPING events from decorations provider vscode.git 772
[2021-08-30 02:12:15.218] [exthost] [warning] [Decorations] CAPPING events from decorations provider vscode.git 772
[2021-08-30 02:12:20.287] [exthost] [warning] [Decorations] CAPPING events from decorations provider vscode.git 772
[2021-08-30 02:12:25.362] [exthost] [warning] [Decorations] CAPPING events from decorations provider vscode.git 772
[2021-08-30 02:12:30.436] [exthost] [warning] [Decorations] CAPPING events from decorations provider vscode.git 772
[2021-08-30 02:12:35.524] [exthost] [warning] [Decorations] CAPPING events from decorations provider vscode.git 772
[2021-08-30 02:12:40.582] [exthost] [warning] [Decorations] CAPPING events from decorations provider vscode.git 772
[2021-08-30 02:14:49.110] [exthost] [warning] [Decorations] CAPPING events from decorations provider vscode.git 771
