[2021-08-30 01:31:06.974] [exthost] [info] extension host started
[2021-08-30 01:31:06.974] [exthost] [info] Skipping acquiring lock for /home/kasey/.config/VSCodium/User/workspaceStorage/40cb74cd7b6c5c43d91090f53d8de327.
[2021-08-30 01:31:07.044] [exthost] [info] ExtensionService#_doActivateExtension vscode.debug-auto-launch {"startup":true,"extensionId":{"value":"vscode.debug-auto-launch","_lower":"vscode.debug-auto-launch"},"activationEvent":"*"}
[2021-08-30 01:31:07.044] [exthost] [info] ExtensionService#loadCommonJSModule file:///usr/share/vscodium-git/resources/app/extensions/debug-auto-launch/dist/extension
[2021-08-30 01:31:07.048] [exthost] [info] ExtensionService#_doActivateExtension vscode.git {"startup":true,"extensionId":{"value":"vscode.github","_lower":"vscode.github"},"activationEvent":"*"}
[2021-08-30 01:31:07.048] [exthost] [info] ExtensionService#loadCommonJSModule file:///usr/share/vscodium-git/resources/app/extensions/git/dist/main
[2021-08-30 01:31:07.150] [exthost] [info] ExtensionService#_doActivateExtension vscode.github {"startup":true,"extensionId":{"value":"vscode.github","_lower":"vscode.github"},"activationEvent":"*"}
[2021-08-30 01:31:07.150] [exthost] [info] ExtensionService#loadCommonJSModule file:///usr/share/vscodium-git/resources/app/extensions/github/dist/extension.js
[2021-08-30 01:31:07.180] [exthost] [warning] [Decorations] CAPPING events from decorations provider vscode.git 721
[2021-08-30 01:31:07.205] [exthost] [info] ExtensionService#_doActivateExtension ms-vscode.js-debug {"startup":false,"extensionId":{"value":"ms-vscode.js-debug","_lower":"ms-vscode.js-debug"},"activationEvent":"onCommand:extension.js-debug.clearAutoAttachVariables"}
[2021-08-30 01:31:07.205] [exthost] [info] ExtensionService#loadCommonJSModule file:///usr/share/vscodium-git/resources/app/extensions/ms-vscode.js-debug/src/extension.js
[2021-08-30 01:31:07.290] [exthost] [info] eager extensions activated
[2021-08-30 01:31:07.491] [exthost] [info] ExtensionService#_doActivateExtension vscode.emmet {"startup":false,"extensionId":{"value":"vscode.emmet","_lower":"vscode.emmet"},"activationEvent":"onStartupFinished"}
[2021-08-30 01:31:07.491] [exthost] [info] ExtensionService#loadCommonJSModule file:///usr/share/vscodium-git/resources/app/extensions/emmet/dist/node/emmetNodeMain
[2021-08-30 01:31:07.495] [exthost] [info] ExtensionService#_doActivateExtension vscode.merge-conflict {"startup":false,"extensionId":{"value":"vscode.merge-conflict","_lower":"vscode.merge-conflict"},"activationEvent":"onStartupFinished"}
[2021-08-30 01:31:07.495] [exthost] [info] ExtensionService#loadCommonJSModule file:///usr/share/vscodium-git/resources/app/extensions/merge-conflict/dist/mergeConflictMain
[2021-08-30 01:31:10.942] [exthost] [warning] [Decorations] CAPPING events from decorations provider vscode.git 722
[2021-08-30 01:31:16.018] [exthost] [warning] [Decorations] CAPPING events from decorations provider vscode.git 722
[2021-08-30 01:31:21.109] [exthost] [warning] [Decorations] CAPPING events from decorations provider vscode.git 722
[2021-08-30 01:31:26.179] [exthost] [warning] [Decorations] CAPPING events from decorations provider vscode.git 722
[2021-08-30 01:31:31.253] [exthost] [warning] [Decorations] CAPPING events from decorations provider vscode.git 722
[2021-08-30 01:31:36.322] [exthost] [warning] [Decorations] CAPPING events from decorations provider vscode.git 722
[2021-08-30 01:31:41.374] [exthost] [warning] [Decorations] CAPPING events from decorations provider vscode.git 722
[2021-08-30 01:31:46.426] [exthost] [warning] [Decorations] CAPPING events from decorations provider vscode.git 722
[2021-08-30 01:31:51.483] [exthost] [warning] [Decorations] CAPPING events from decorations provider vscode.git 722
[2021-08-30 01:31:56.540] [exthost] [warning] [Decorations] CAPPING events from decorations provider vscode.git 722
[2021-08-30 01:32:01.604] [exthost] [warning] [Decorations] CAPPING events from decorations provider vscode.git 722
[2021-08-30 01:32:06.671] [exthost] [warning] [Decorations] CAPPING events from decorations provider vscode.git 722
[2021-08-30 01:32:11.742] [exthost] [warning] [Decorations] CAPPING events from decorations provider vscode.git 722
[2021-08-30 01:32:16.816] [exthost] [warning] [Decorations] CAPPING events from decorations provider vscode.git 722
[2021-08-30 01:32:21.887] [exthost] [warning] [Decorations] CAPPING events from decorations provider vscode.git 722
[2021-08-30 01:32:26.968] [exthost] [warning] [Decorations] CAPPING events from decorations provider vscode.git 722
[2021-08-30 01:32:32.046] [exthost] [warning] [Decorations] CAPPING events from decorations provider vscode.git 722
[2021-08-30 01:32:37.109] [exthost] [warning] [Decorations] CAPPING events from decorations provider vscode.git 722
[2021-08-30 01:32:42.182] [exthost] [warning] [Decorations] CAPPING events from decorations provider vscode.git 722
[2021-08-30 01:32:47.253] [exthost] [warning] [Decorations] CAPPING events from decorations provider vscode.git 722
[2021-08-30 01:32:52.318] [exthost] [warning] [Decorations] CAPPING events from decorations provider vscode.git 722
[2021-08-30 01:32:57.390] [exthost] [warning] [Decorations] CAPPING events from decorations provider vscode.git 722
[2021-08-30 01:33:02.465] [exthost] [warning] [Decorations] CAPPING events from decorations provider vscode.git 722
[2021-08-30 01:33:07.532] [exthost] [warning] [Decorations] CAPPING events from decorations provider vscode.git 722
[2021-08-30 01:33:12.608] [exthost] [warning] [Decorations] CAPPING events from decorations provider vscode.git 722
[2021-08-30 01:33:17.678] [exthost] [warning] [Decorations] CAPPING events from decorations provider vscode.git 722
[2021-08-30 01:33:22.746] [exthost] [warning] [Decorations] CAPPING events from decorations provider vscode.git 722
[2021-08-30 01:33:27.814] [exthost] [warning] [Decorations] CAPPING events from decorations provider vscode.git 723
[2021-08-30 01:33:32.880] [exthost] [warning] [Decorations] CAPPING events from decorations provider vscode.git 723
[2021-08-30 01:33:37.948] [exthost] [warning] [Decorations] CAPPING events from decorations provider vscode.git 723
[2021-08-30 01:33:43.012] [exthost] [warning] [Decorations] CAPPING events from decorations provider vscode.git 723
[2021-08-30 01:33:48.080] [exthost] [warning] [Decorations] CAPPING events from decorations provider vscode.git 722
[2021-08-30 01:33:53.145] [exthost] [warning] [Decorations] CAPPING events from decorations provider vscode.git 722
[2021-08-30 01:33:58.230] [exthost] [warning] [Decorations] CAPPING events from decorations provider vscode.git 722
[2021-08-30 01:34:03.298] [exthost] [warning] [Decorations] CAPPING events from decorations provider vscode.git 722
[2021-08-30 01:34:08.362] [exthost] [warning] [Decorations] CAPPING events from decorations provider vscode.git 722
[2021-08-30 01:34:13.445] [exthost] [warning] [Decorations] CAPPING events from decorations provider vscode.git 722
[2021-08-30 01:34:18.504] [exthost] [warning] [Decorations] CAPPING events from decorations provider vscode.git 722
[2021-08-30 01:34:23.573] [exthost] [warning] [Decorations] CAPPING events from decorations provider vscode.git 722
[2021-08-30 01:34:28.655] [exthost] [warning] [Decorations] CAPPING events from decorations provider vscode.git 722
[2021-08-30 01:34:33.721] [exthost] [warning] [Decorations] CAPPING events from decorations provider vscode.git 722
[2021-08-30 01:34:38.790] [exthost] [warning] [Decorations] CAPPING events from decorations provider vscode.git 722
[2021-08-30 01:34:43.871] [exthost] [warning] [Decorations] CAPPING events from decorations provider vscode.git 722
[2021-08-30 01:34:48.942] [exthost] [warning] [Decorations] CAPPING events from decorations provider vscode.git 722
[2021-08-30 01:34:54.016] [exthost] [warning] [Decorations] CAPPING events from decorations provider vscode.git 722
[2021-08-30 01:34:59.081] [exthost] [warning] [Decorations] CAPPING events from decorations provider vscode.git 722
[2021-08-30 01:35:04.144] [exthost] [warning] [Decorations] CAPPING events from decorations provider vscode.git 722
[2021-08-30 01:35:09.205] [exthost] [warning] [Decorations] CAPPING events from decorations provider vscode.git 722
[2021-08-30 01:35:14.286] [exthost] [warning] [Decorations] CAPPING events from decorations provider vscode.git 722
[2021-08-30 01:35:19.356] [exthost] [warning] [Decorations] CAPPING events from decorations provider vscode.git 722
[2021-08-30 01:35:24.409] [exthost] [warning] [Decorations] CAPPING events from decorations provider vscode.git 722
[2021-08-30 01:35:29.474] [exthost] [warning] [Decorations] CAPPING events from decorations provider vscode.git 722
[2021-08-30 01:35:34.537] [exthost] [warning] [Decorations] CAPPING events from decorations provider vscode.git 722
[2021-08-30 01:35:39.601] [exthost] [warning] [Decorations] CAPPING events from decorations provider vscode.git 722
[2021-08-30 01:35:44.669] [exthost] [warning] [Decorations] CAPPING events from decorations provider vscode.git 722
[2021-08-30 01:35:49.732] [exthost] [warning] [Decorations] CAPPING events from decorations provider vscode.git 722
[2021-08-30 01:35:54.797] [exthost] [warning] [Decorations] CAPPING events from decorations provider vscode.git 722
[2021-08-30 01:35:59.876] [exthost] [warning] [Decorations] CAPPING events from decorations provider vscode.git 722
[2021-08-30 01:36:04.943] [exthost] [warning] [Decorations] CAPPING events from decorations provider vscode.git 722
[2021-08-30 01:36:10.010] [exthost] [warning] [Decorations] CAPPING events from decorations provider vscode.git 722
[2021-08-30 01:36:15.083] [exthost] [warning] [Decorations] CAPPING events from decorations provider vscode.git 722
[2021-08-30 01:36:20.138] [exthost] [warning] [Decorations] CAPPING events from decorations provider vscode.git 722
[2021-08-30 01:36:25.201] [exthost] [warning] [Decorations] CAPPING events from decorations provider vscode.git 722
[2021-08-30 01:36:30.256] [exthost] [warning] [Decorations] CAPPING events from decorations provider vscode.git 722
[2021-08-30 01:36:35.317] [exthost] [warning] [Decorations] CAPPING events from decorations provider vscode.git 722
[2021-08-30 01:36:40.383] [exthost] [warning] [Decorations] CAPPING events from decorations provider vscode.git 722
[2021-08-30 01:36:45.482] [exthost] [warning] [Decorations] CAPPING events from decorations provider vscode.git 722
[2021-08-30 01:36:50.537] [exthost] [warning] [Decorations] CAPPING events from decorations provider vscode.git 722
[2021-08-30 01:36:55.588] [exthost] [warning] [Decorations] CAPPING events from decorations provider vscode.git 722
[2021-08-30 01:37:00.638] [exthost] [warning] [Decorations] CAPPING events from decorations provider vscode.git 722
[2021-08-30 01:37:05.698] [exthost] [warning] [Decorations] CAPPING events from decorations provider vscode.git 722
[2021-08-30 01:37:10.766] [exthost] [warning] [Decorations] CAPPING events from decorations provider vscode.git 722
[2021-08-30 01:37:15.850] [exthost] [warning] [Decorations] CAPPING events from decorations provider vscode.git 722
[2021-08-30 01:37:20.919] [exthost] [warning] [Decorations] CAPPING events from decorations provider vscode.git 722
[2021-08-30 01:37:25.981] [exthost] [warning] [Decorations] CAPPING events from decorations provider vscode.git 722
[2021-08-30 01:37:31.048] [exthost] [warning] [Decorations] CAPPING events from decorations provider vscode.git 722
[2021-08-30 01:37:36.113] [exthost] [warning] [Decorations] CAPPING events from decorations provider vscode.git 722
[2021-08-30 01:37:41.183] [exthost] [warning] [Decorations] CAPPING events from decorations provider vscode.git 722
[2021-08-30 01:37:46.250] [exthost] [warning] [Decorations] CAPPING events from decorations provider vscode.git 722
[2021-08-30 01:37:51.314] [exthost] [warning] [Decorations] CAPPING events from decorations provider vscode.git 722
[2021-08-30 01:37:56.383] [exthost] [warning] [Decorations] CAPPING events from decorations provider vscode.git 722
[2021-08-30 01:38:01.465] [exthost] [warning] [Decorations] CAPPING events from decorations provider vscode.git 722
[2021-08-30 01:38:06.532] [exthost] [warning] [Decorations] CAPPING events from decorations provider vscode.git 722
[2021-08-30 01:38:11.593] [exthost] [warning] [Decorations] CAPPING events from decorations provider vscode.git 722
[2021-08-30 01:38:16.670] [exthost] [warning] [Decorations] CAPPING events from decorations provider vscode.git 723
[2021-08-30 01:38:21.731] [exthost] [warning] [Decorations] CAPPING events from decorations provider vscode.git 723
[2021-08-30 01:38:26.794] [exthost] [warning] [Decorations] CAPPING events from decorations provider vscode.git 722
[2021-08-30 01:38:31.876] [exthost] [warning] [Decorations] CAPPING events from decorations provider vscode.git 722
[2021-08-30 01:38:36.946] [exthost] [warning] [Decorations] CAPPING events from decorations provider vscode.git 722
[2021-08-30 01:38:42.017] [exthost] [warning] [Decorations] CAPPING events from decorations provider vscode.git 722
[2021-08-30 01:38:47.072] [exthost] [warning] [Decorations] CAPPING events from decorations provider vscode.git 722
[2021-08-30 01:38:52.122] [exthost] [warning] [Decorations] CAPPING events from decorations provider vscode.git 722
[2021-08-30 01:38:57.170] [exthost] [warning] [Decorations] CAPPING events from decorations provider vscode.git 722
[2021-08-30 01:39:02.230] [exthost] [warning] [Decorations] CAPPING events from decorations provider vscode.git 722
[2021-08-30 01:39:07.302] [exthost] [warning] [Decorations] CAPPING events from decorations provider vscode.git 722
[2021-08-30 01:39:12.370] [exthost] [warning] [Decorations] CAPPING events from decorations provider vscode.git 722
[2021-08-30 01:39:17.452] [exthost] [warning] [Decorations] CAPPING events from decorations provider vscode.git 722
[2021-08-30 01:39:22.519] [exthost] [warning] [Decorations] CAPPING events from decorations provider vscode.git 722
[2021-08-30 01:39:27.583] [exthost] [warning] [Decorations] CAPPING events from decorations provider vscode.git 722
[2021-08-30 01:39:32.678] [exthost] [warning] [Decorations] CAPPING events from decorations provider vscode.git 722
[2021-08-30 01:39:37.749] [exthost] [warning] [Decorations] CAPPING events from decorations provider vscode.git 722
[2021-08-30 01:39:42.813] [exthost] [warning] [Decorations] CAPPING events from decorations provider vscode.git 722
[2021-08-30 01:39:47.908] [exthost] [warning] [Decorations] CAPPING events from decorations provider vscode.git 722
[2021-08-30 01:39:52.977] [exthost] [warning] [Decorations] CAPPING events from decorations provider vscode.git 722
[2021-08-30 01:39:58.046] [exthost] [warning] [Decorations] CAPPING events from decorations provider vscode.git 722
[2021-08-30 01:40:03.127] [exthost] [warning] [Decorations] CAPPING events from decorations provider vscode.git 722
[2021-08-30 01:40:08.195] [exthost] [warning] [Decorations] CAPPING events from decorations provider vscode.git 722
[2021-08-30 01:40:13.260] [exthost] [warning] [Decorations] CAPPING events from decorations provider vscode.git 722
[2021-08-30 01:40:18.353] [exthost] [warning] [Decorations] CAPPING events from decorations provider vscode.git 722
[2021-08-30 01:40:23.418] [exthost] [warning] [Decorations] CAPPING events from decorations provider vscode.git 722
[2021-08-30 01:40:28.482] [exthost] [warning] [Decorations] CAPPING events from decorations provider vscode.git 722
[2021-08-30 01:40:33.537] [exthost] [warning] [Decorations] CAPPING events from decorations provider vscode.git 722
[2021-08-30 01:40:38.600] [exthost] [warning] [Decorations] CAPPING events from decorations provider vscode.git 723
[2021-08-30 01:40:43.667] [exthost] [warning] [Decorations] CAPPING events from decorations provider vscode.git 723
[2021-08-30 01:40:48.747] [exthost] [warning] [Decorations] CAPPING events from decorations provider vscode.git 723
[2021-08-30 01:40:53.813] [exthost] [warning] [Decorations] CAPPING events from decorations provider vscode.git 722
[2021-08-30 01:40:58.889] [exthost] [warning] [Decorations] CAPPING events from decorations provider vscode.git 722
[2021-08-30 01:41:03.969] [exthost] [warning] [Decorations] CAPPING events from decorations provider vscode.git 722
[2021-08-30 01:41:09.037] [exthost] [warning] [Decorations] CAPPING events from decorations provider vscode.git 722
[2021-08-30 01:41:14.097] [exthost] [warning] [Decorations] CAPPING events from decorations provider vscode.git 722
[2021-08-30 01:41:19.179] [exthost] [warning] [Decorations] CAPPING events from decorations provider vscode.git 722
[2021-08-30 01:41:24.244] [exthost] [warning] [Decorations] CAPPING events from decorations provider vscode.git 722
[2021-08-30 01:41:29.309] [exthost] [warning] [Decorations] CAPPING events from decorations provider vscode.git 722
[2021-08-30 01:41:34.393] [exthost] [warning] [Decorations] CAPPING events from decorations provider vscode.git 722
[2021-08-30 01:41:39.458] [exthost] [warning] [Decorations] CAPPING events from decorations provider vscode.git 722
[2021-08-30 01:41:44.521] [exthost] [warning] [Decorations] CAPPING events from decorations provider vscode.git 722
[2021-08-30 01:41:49.601] [exthost] [warning] [Decorations] CAPPING events from decorations provider vscode.git 722
[2021-08-30 01:41:54.672] [exthost] [warning] [Decorations] CAPPING events from decorations provider vscode.git 722
[2021-08-30 01:41:59.743] [exthost] [warning] [Decorations] CAPPING events from decorations provider vscode.git 722
[2021-08-30 01:42:04.806] [exthost] [warning] [Decorations] CAPPING events from decorations provider vscode.git 722
[2021-08-30 01:42:09.866] [exthost] [warning] [Decorations] CAPPING events from decorations provider vscode.git 722
[2021-08-30 01:42:14.931] [exthost] [warning] [Decorations] CAPPING events from decorations provider vscode.git 722
[2021-08-30 01:42:20.016] [exthost] [warning] [Decorations] CAPPING events from decorations provider vscode.git 722
[2021-08-30 01:42:25.082] [exthost] [warning] [Decorations] CAPPING events from decorations provider vscode.git 722
[2021-08-30 01:42:30.147] [exthost] [warning] [Decorations] CAPPING events from decorations provider vscode.git 722
[2021-08-30 01:42:35.211] [exthost] [warning] [Decorations] CAPPING events from decorations provider vscode.git 722
[2021-08-30 01:42:40.276] [exthost] [warning] [Decorations] CAPPING events from decorations provider vscode.git 722
[2021-08-30 01:42:45.341] [exthost] [warning] [Decorations] CAPPING events from decorations provider vscode.git 722
[2021-08-30 01:42:50.407] [exthost] [warning] [Decorations] CAPPING events from decorations provider vscode.git 722
[2021-08-30 01:42:55.477] [exthost] [warning] [Decorations] CAPPING events from decorations provider vscode.git 722
[2021-08-30 01:43:00.539] [exthost] [warning] [Decorations] CAPPING events from decorations provider vscode.git 722
[2021-08-30 01:43:05.596] [exthost] [warning] [Decorations] CAPPING events from decorations provider vscode.git 722
[2021-08-30 01:43:10.645] [exthost] [warning] [Decorations] CAPPING events from decorations provider vscode.git 722
[2021-08-30 01:43:15.693] [exthost] [warning] [Decorations] CAPPING events from decorations provider vscode.git 722
[2021-08-30 01:43:20.753] [exthost] [warning] [Decorations] CAPPING events from decorations provider vscode.git 722
[2021-08-30 01:43:25.818] [exthost] [warning] [Decorations] CAPPING events from decorations provider vscode.git 722
[2021-08-30 01:43:30.884] [exthost] [warning] [Decorations] CAPPING events from decorations provider vscode.git 722
[2021-08-30 01:43:35.957] [exthost] [warning] [Decorations] CAPPING events from decorations provider vscode.git 722
[2021-08-30 01:43:41.038] [exthost] [warning] [Decorations] CAPPING events from decorations provider vscode.git 722
[2021-08-30 01:43:46.104] [exthost] [warning] [Decorations] CAPPING events from decorations provider vscode.git 722
[2021-08-30 01:43:51.168] [exthost] [warning] [Decorations] CAPPING events from decorations provider vscode.git 722
[2021-08-30 01:43:56.246] [exthost] [warning] [Decorations] CAPPING events from decorations provider vscode.git 722
[2021-08-30 01:44:01.312] [exthost] [warning] [Decorations] CAPPING events from decorations provider vscode.git 722
[2021-08-30 01:44:06.377] [exthost] [warning] [Decorations] CAPPING events from decorations provider vscode.git 722
[2021-08-30 01:44:11.447] [exthost] [warning] [Decorations] CAPPING events from decorations provider vscode.git 722
[2021-08-30 01:44:16.513] [exthost] [warning] [Decorations] CAPPING events from decorations provider vscode.git 722
[2021-08-30 01:44:17.323] [exthost] [info] extension host terminating: renderer closed the socket
[2021-08-30 01:44:18.334] [exthost] [info] exiting with code 0
