[2021-08-30 00:25:33.028] [exthost] [info] extension host started
[2021-08-30 00:25:33.028] [exthost] [info] Skipping acquiring lock for /home/kasey/.config/VSCodium/User/workspaceStorage/40cb74cd7b6c5c43d91090f53d8de327.
[2021-08-30 00:25:33.100] [exthost] [info] ExtensionService#_doActivateExtension vscode.debug-auto-launch {"startup":true,"extensionId":{"value":"vscode.debug-auto-launch","_lower":"vscode.debug-auto-launch"},"activationEvent":"*"}
[2021-08-30 00:25:33.100] [exthost] [info] ExtensionService#loadCommonJSModule file:///usr/share/vscodium-git/resources/app/extensions/debug-auto-launch/dist/extension
[2021-08-30 00:25:33.104] [exthost] [info] ExtensionService#_doActivateExtension vscode.git {"startup":true,"extensionId":{"value":"vscode.github","_lower":"vscode.github"},"activationEvent":"*"}
[2021-08-30 00:25:33.104] [exthost] [info] ExtensionService#loadCommonJSModule file:///usr/share/vscodium-git/resources/app/extensions/git/dist/main
[2021-08-30 00:25:33.236] [exthost] [warning] [Decorations] CAPPING events from decorations provider vscode.git 668
[2021-08-30 00:25:33.481] [exthost] [info] ExtensionService#_doActivateExtension vscode.github {"startup":true,"extensionId":{"value":"vscode.github","_lower":"vscode.github"},"activationEvent":"*"}
[2021-08-30 00:25:33.481] [exthost] [info] ExtensionService#loadCommonJSModule file:///usr/share/vscodium-git/resources/app/extensions/github/dist/extension.js
[2021-08-30 00:25:33.514] [exthost] [info] eager extensions activated
[2021-08-30 00:25:33.519] [exthost] [info] ExtensionService#_doActivateExtension ms-vscode.js-debug {"startup":false,"extensionId":{"value":"ms-vscode.js-debug","_lower":"ms-vscode.js-debug"},"activationEvent":"onCommand:extension.js-debug.clearAutoAttachVariables"}
[2021-08-30 00:25:33.519] [exthost] [info] ExtensionService#loadCommonJSModule file:///usr/share/vscodium-git/resources/app/extensions/ms-vscode.js-debug/src/extension.js
[2021-08-30 00:25:33.616] [exthost] [info] ExtensionService#_doActivateExtension vscode.emmet {"startup":false,"extensionId":{"value":"vscode.emmet","_lower":"vscode.emmet"},"activationEvent":"onStartupFinished"}
[2021-08-30 00:25:33.616] [exthost] [info] ExtensionService#loadCommonJSModule file:///usr/share/vscodium-git/resources/app/extensions/emmet/dist/node/emmetNodeMain
[2021-08-30 00:25:33.621] [exthost] [info] ExtensionService#_doActivateExtension vscode.merge-conflict {"startup":false,"extensionId":{"value":"vscode.merge-conflict","_lower":"vscode.merge-conflict"},"activationEvent":"onStartupFinished"}
[2021-08-30 00:25:33.621] [exthost] [info] ExtensionService#loadCommonJSModule file:///usr/share/vscodium-git/resources/app/extensions/merge-conflict/dist/mergeConflictMain
[2021-08-30 00:25:36.492] [exthost] [warning] [Decorations] CAPPING events from decorations provider vscode.git 668
[2021-08-30 00:25:41.557] [exthost] [warning] [Decorations] CAPPING events from decorations provider vscode.git 668
[2021-08-30 00:25:46.445] [exthost] [warning] [Decorations] CAPPING events from decorations provider vscode.git 668
[2021-08-30 00:25:51.506] [exthost] [warning] [Decorations] CAPPING events from decorations provider vscode.git 673
[2021-08-30 00:25:56.575] [exthost] [warning] [Decorations] CAPPING events from decorations provider vscode.git 676
[2021-08-30 00:26:01.643] [exthost] [warning] [Decorations] CAPPING events from decorations provider vscode.git 676
[2021-08-30 00:26:06.709] [exthost] [warning] [Decorations] CAPPING events from decorations provider vscode.git 676
[2021-08-30 00:29:43.513] [exthost] [warning] [Decorations] CAPPING events from decorations provider vscode.git 678
[2021-08-30 00:29:48.568] [exthost] [warning] [Decorations] CAPPING events from decorations provider vscode.git 678
[2021-08-30 00:29:53.639] [exthost] [warning] [Decorations] CAPPING events from decorations provider vscode.git 678
[2021-08-30 00:29:58.695] [exthost] [warning] [Decorations] CAPPING events from decorations provider vscode.git 678
[2021-08-30 00:30:03.763] [exthost] [warning] [Decorations] CAPPING events from decorations provider vscode.git 678
[2021-08-30 00:30:08.820] [exthost] [warning] [Decorations] CAPPING events from decorations provider vscode.git 678
[2021-08-30 00:30:13.886] [exthost] [warning] [Decorations] CAPPING events from decorations provider vscode.git 678
[2021-08-30 00:30:23.397] [exthost] [warning] [Decorations] CAPPING events from decorations provider vscode.git 678
[2021-08-30 00:30:28.458] [exthost] [warning] [Decorations] CAPPING events from decorations provider vscode.git 678
[2021-08-30 00:30:33.522] [exthost] [warning] [Decorations] CAPPING events from decorations provider vscode.git 678
[2021-08-30 00:30:38.590] [exthost] [warning] [Decorations] CAPPING events from decorations provider vscode.git 677
[2021-08-30 00:30:43.651] [exthost] [warning] [Decorations] CAPPING events from decorations provider vscode.git 677
[2021-08-30 00:30:48.712] [exthost] [warning] [Decorations] CAPPING events from decorations provider vscode.git 677
[2021-08-30 00:30:53.775] [exthost] [warning] [Decorations] CAPPING events from decorations provider vscode.git 677
[2021-08-30 00:30:58.837] [exthost] [warning] [Decorations] CAPPING events from decorations provider vscode.git 677
[2021-08-30 00:31:03.899] [exthost] [warning] [Decorations] CAPPING events from decorations provider vscode.git 677
[2021-08-30 00:31:08.970] [exthost] [warning] [Decorations] CAPPING events from decorations provider vscode.git 677
[2021-08-30 00:31:14.024] [exthost] [warning] [Decorations] CAPPING events from decorations provider vscode.git 677
[2021-08-30 00:31:19.082] [exthost] [warning] [Decorations] CAPPING events from decorations provider vscode.git 677
[2021-08-30 00:31:24.147] [exthost] [warning] [Decorations] CAPPING events from decorations provider vscode.git 677
[2021-08-30 00:31:29.214] [exthost] [warning] [Decorations] CAPPING events from decorations provider vscode.git 677
[2021-08-30 00:31:34.269] [exthost] [warning] [Decorations] CAPPING events from decorations provider vscode.git 677
[2021-08-30 00:31:39.330] [exthost] [warning] [Decorations] CAPPING events from decorations provider vscode.git 678
[2021-08-30 00:31:44.396] [exthost] [warning] [Decorations] CAPPING events from decorations provider vscode.git 678
[2021-08-30 00:31:49.463] [exthost] [warning] [Decorations] CAPPING events from decorations provider vscode.git 678
[2021-08-30 00:31:54.519] [exthost] [warning] [Decorations] CAPPING events from decorations provider vscode.git 677
[2021-08-30 00:31:59.574] [exthost] [warning] [Decorations] CAPPING events from decorations provider vscode.git 677
[2021-08-30 00:32:04.639] [exthost] [warning] [Decorations] CAPPING events from decorations provider vscode.git 677
[2021-08-30 00:32:09.704] [exthost] [warning] [Decorations] CAPPING events from decorations provider vscode.git 677
[2021-08-30 00:32:14.767] [exthost] [warning] [Decorations] CAPPING events from decorations provider vscode.git 677
[2021-08-30 00:32:19.832] [exthost] [warning] [Decorations] CAPPING events from decorations provider vscode.git 677
[2021-08-30 00:32:24.900] [exthost] [warning] [Decorations] CAPPING events from decorations provider vscode.git 677
[2021-08-30 00:32:29.964] [exthost] [warning] [Decorations] CAPPING events from decorations provider vscode.git 677
[2021-08-30 00:32:35.040] [exthost] [warning] [Decorations] CAPPING events from decorations provider vscode.git 677
[2021-08-30 00:32:40.116] [exthost] [warning] [Decorations] CAPPING events from decorations provider vscode.git 677
[2021-08-30 00:32:45.183] [exthost] [warning] [Decorations] CAPPING events from decorations provider vscode.git 677
[2021-08-30 00:32:50.240] [exthost] [warning] [Decorations] CAPPING events from decorations provider vscode.git 677
[2021-08-30 00:32:55.287] [exthost] [warning] [Decorations] CAPPING events from decorations provider vscode.git 677
[2021-08-30 00:33:00.364] [exthost] [warning] [Decorations] CAPPING events from decorations provider vscode.git 677
[2021-08-30 00:33:05.431] [exthost] [warning] [Decorations] CAPPING events from decorations provider vscode.git 677
[2021-08-30 00:33:51.423] [exthost] [warning] [Decorations] CAPPING events from decorations provider vscode.git 677
[2021-08-30 00:33:56.486] [exthost] [warning] [Decorations] CAPPING events from decorations provider vscode.git 677
[2021-08-30 00:34:01.565] [exthost] [warning] [Decorations] CAPPING events from decorations provider vscode.git 677
[2021-08-30 00:34:06.626] [exthost] [warning] [Decorations] CAPPING events from decorations provider vscode.git 677
[2021-08-30 00:34:11.691] [exthost] [warning] [Decorations] CAPPING events from decorations provider vscode.git 677
[2021-08-30 00:34:16.754] [exthost] [warning] [Decorations] CAPPING events from decorations provider vscode.git 677
[2021-08-30 00:34:21.820] [exthost] [warning] [Decorations] CAPPING events from decorations provider vscode.git 677
[2021-08-30 00:34:26.884] [exthost] [warning] [Decorations] CAPPING events from decorations provider vscode.git 677
[2021-08-30 00:34:31.950] [exthost] [warning] [Decorations] CAPPING events from decorations provider vscode.git 677
[2021-08-30 00:34:37.024] [exthost] [warning] [Decorations] CAPPING events from decorations provider vscode.git 677
[2021-08-30 00:34:42.084] [exthost] [warning] [Decorations] CAPPING events from decorations provider vscode.git 677
[2021-08-30 00:34:47.148] [exthost] [warning] [Decorations] CAPPING events from decorations provider vscode.git 677
[2021-08-30 00:34:52.224] [exthost] [warning] [Decorations] CAPPING events from decorations provider vscode.git 677
[2021-08-30 00:34:57.289] [exthost] [warning] [Decorations] CAPPING events from decorations provider vscode.git 677
[2021-08-30 00:35:02.343] [exthost] [warning] [Decorations] CAPPING events from decorations provider vscode.git 678
[2021-08-30 00:35:07.392] [exthost] [warning] [Decorations] CAPPING events from decorations provider vscode.git 679
[2021-08-30 00:35:12.450] [exthost] [warning] [Decorations] CAPPING events from decorations provider vscode.git 678
[2021-08-30 00:35:17.512] [exthost] [warning] [Decorations] CAPPING events from decorations provider vscode.git 678
[2021-08-30 00:35:22.576] [exthost] [warning] [Decorations] CAPPING events from decorations provider vscode.git 678
[2021-08-30 00:35:27.643] [exthost] [warning] [Decorations] CAPPING events from decorations provider vscode.git 678
[2021-08-30 00:35:32.708] [exthost] [warning] [Decorations] CAPPING events from decorations provider vscode.git 678
[2021-08-30 00:35:37.775] [exthost] [warning] [Decorations] CAPPING events from decorations provider vscode.git 678
[2021-08-30 00:35:42.828] [exthost] [warning] [Decorations] CAPPING events from decorations provider vscode.git 678
[2021-08-30 00:35:47.884] [exthost] [warning] [Decorations] CAPPING events from decorations provider vscode.git 678
[2021-08-30 00:35:52.944] [exthost] [warning] [Decorations] CAPPING events from decorations provider vscode.git 678
[2021-08-30 00:35:58.013] [exthost] [warning] [Decorations] CAPPING events from decorations provider vscode.git 678
[2021-08-30 00:36:03.091] [exthost] [warning] [Decorations] CAPPING events from decorations provider vscode.git 678
[2021-08-30 00:36:08.166] [exthost] [warning] [Decorations] CAPPING events from decorations provider vscode.git 678
[2021-08-30 00:36:13.231] [exthost] [warning] [Decorations] CAPPING events from decorations provider vscode.git 678
[2021-08-30 00:36:18.294] [exthost] [warning] [Decorations] CAPPING events from decorations provider vscode.git 678
[2021-08-30 00:36:23.360] [exthost] [warning] [Decorations] CAPPING events from decorations provider vscode.git 678
[2021-08-30 00:36:28.424] [exthost] [warning] [Decorations] CAPPING events from decorations provider vscode.git 678
[2021-08-30 00:36:33.491] [exthost] [warning] [Decorations] CAPPING events from decorations provider vscode.git 678
[2021-08-30 00:36:38.545] [exthost] [warning] [Decorations] CAPPING events from decorations provider vscode.git 678
[2021-08-30 00:36:43.608] [exthost] [warning] [Decorations] CAPPING events from decorations provider vscode.git 678
[2021-08-30 00:36:48.670] [exthost] [warning] [Decorations] CAPPING events from decorations provider vscode.git 678
[2021-08-30 00:36:53.735] [exthost] [warning] [Decorations] CAPPING events from decorations provider vscode.git 678
[2021-08-30 00:36:58.795] [exthost] [warning] [Decorations] CAPPING events from decorations provider vscode.git 678
[2021-08-30 00:37:03.856] [exthost] [warning] [Decorations] CAPPING events from decorations provider vscode.git 678
[2021-08-30 00:37:08.924] [exthost] [warning] [Decorations] CAPPING events from decorations provider vscode.git 678
[2021-08-30 00:37:13.990] [exthost] [warning] [Decorations] CAPPING events from decorations provider vscode.git 678
[2021-08-30 00:37:19.057] [exthost] [warning] [Decorations] CAPPING events from decorations provider vscode.git 678
[2021-08-30 00:37:24.128] [exthost] [warning] [Decorations] CAPPING events from decorations provider vscode.git 678
[2021-08-30 00:37:29.193] [exthost] [warning] [Decorations] CAPPING events from decorations provider vscode.git 678
[2021-08-30 00:37:34.276] [exthost] [warning] [Decorations] CAPPING events from decorations provider vscode.git 678
[2021-08-30 00:37:39.353] [exthost] [warning] [Decorations] CAPPING events from decorations provider vscode.git 678
[2021-08-30 00:37:44.418] [exthost] [warning] [Decorations] CAPPING events from decorations provider vscode.git 678
[2021-08-30 00:37:49.485] [exthost] [warning] [Decorations] CAPPING events from decorations provider vscode.git 678
[2021-08-30 00:37:54.550] [exthost] [warning] [Decorations] CAPPING events from decorations provider vscode.git 678
[2021-08-30 00:37:59.615] [exthost] [warning] [Decorations] CAPPING events from decorations provider vscode.git 678
[2021-08-30 00:38:04.680] [exthost] [warning] [Decorations] CAPPING events from decorations provider vscode.git 678
[2021-08-30 00:38:09.743] [exthost] [warning] [Decorations] CAPPING events from decorations provider vscode.git 678
[2021-08-30 00:38:14.806] [exthost] [warning] [Decorations] CAPPING events from decorations provider vscode.git 678
[2021-08-30 00:38:19.880] [exthost] [warning] [Decorations] CAPPING events from decorations provider vscode.git 678
[2021-08-30 00:38:24.943] [exthost] [warning] [Decorations] CAPPING events from decorations provider vscode.git 678
[2021-08-30 00:38:30.006] [exthost] [warning] [Decorations] CAPPING events from decorations provider vscode.git 678
[2021-08-30 00:38:35.066] [exthost] [warning] [Decorations] CAPPING events from decorations provider vscode.git 678
[2021-08-30 00:38:40.130] [exthost] [warning] [Decorations] CAPPING events from decorations provider vscode.git 678
[2021-08-30 00:38:45.196] [exthost] [warning] [Decorations] CAPPING events from decorations provider vscode.git 678
[2021-08-30 00:38:50.262] [exthost] [warning] [Decorations] CAPPING events from decorations provider vscode.git 678
[2021-08-30 00:38:55.323] [exthost] [warning] [Decorations] CAPPING events from decorations provider vscode.git 678
[2021-08-30 00:39:00.389] [exthost] [warning] [Decorations] CAPPING events from decorations provider vscode.git 678
[2021-08-30 00:39:05.457] [exthost] [warning] [Decorations] CAPPING events from decorations provider vscode.git 678
[2021-08-30 00:39:10.523] [exthost] [warning] [Decorations] CAPPING events from decorations provider vscode.git 678
[2021-08-30 00:39:15.589] [exthost] [warning] [Decorations] CAPPING events from decorations provider vscode.git 678
[2021-08-30 00:39:20.657] [exthost] [warning] [Decorations] CAPPING events from decorations provider vscode.git 678
[2021-08-30 00:39:25.722] [exthost] [warning] [Decorations] CAPPING events from decorations provider vscode.git 678
[2021-08-30 00:39:30.786] [exthost] [warning] [Decorations] CAPPING events from decorations provider vscode.git 678
[2021-08-30 00:39:35.849] [exthost] [warning] [Decorations] CAPPING events from decorations provider vscode.git 678
[2021-08-30 00:39:40.919] [exthost] [warning] [Decorations] CAPPING events from decorations provider vscode.git 678
[2021-08-30 00:39:45.986] [exthost] [warning] [Decorations] CAPPING events from decorations provider vscode.git 678
[2021-08-30 00:39:51.049] [exthost] [warning] [Decorations] CAPPING events from decorations provider vscode.git 678
[2021-08-30 00:39:56.113] [exthost] [warning] [Decorations] CAPPING events from decorations provider vscode.git 678
[2021-08-30 00:40:01.177] [exthost] [warning] [Decorations] CAPPING events from decorations provider vscode.git 678
[2021-08-30 00:40:06.242] [exthost] [warning] [Decorations] CAPPING events from decorations provider vscode.git 678
[2021-08-30 00:40:11.302] [exthost] [warning] [Decorations] CAPPING events from decorations provider vscode.git 678
[2021-08-30 00:40:16.368] [exthost] [warning] [Decorations] CAPPING events from decorations provider vscode.git 678
[2021-08-30 00:40:21.423] [exthost] [warning] [Decorations] CAPPING events from decorations provider vscode.git 678
[2021-08-30 00:40:26.481] [exthost] [warning] [Decorations] CAPPING events from decorations provider vscode.git 678
[2021-08-30 00:40:31.543] [exthost] [warning] [Decorations] CAPPING events from decorations provider vscode.git 678
[2021-08-30 00:40:36.608] [exthost] [warning] [Decorations] CAPPING events from decorations provider vscode.git 678
[2021-08-30 00:40:41.677] [exthost] [warning] [Decorations] CAPPING events from decorations provider vscode.git 678
[2021-08-30 00:40:46.742] [exthost] [warning] [Decorations] CAPPING events from decorations provider vscode.git 678
[2021-08-30 00:40:51.808] [exthost] [warning] [Decorations] CAPPING events from decorations provider vscode.git 678
[2021-08-30 00:40:56.873] [exthost] [warning] [Decorations] CAPPING events from decorations provider vscode.git 678
[2021-08-30 00:41:01.937] [exthost] [warning] [Decorations] CAPPING events from decorations provider vscode.git 678
[2021-08-30 00:41:06.998] [exthost] [warning] [Decorations] CAPPING events from decorations provider vscode.git 678
[2021-08-30 00:41:12.063] [exthost] [warning] [Decorations] CAPPING events from decorations provider vscode.git 678
[2021-08-30 00:41:17.124] [exthost] [warning] [Decorations] CAPPING events from decorations provider vscode.git 678
[2021-08-30 00:41:22.177] [exthost] [warning] [Decorations] CAPPING events from decorations provider vscode.git 678
[2021-08-30 00:41:27.237] [exthost] [warning] [Decorations] CAPPING events from decorations provider vscode.git 678
[2021-08-30 00:41:32.300] [exthost] [warning] [Decorations] CAPPING events from decorations provider vscode.git 678
[2021-08-30 00:41:37.364] [exthost] [warning] [Decorations] CAPPING events from decorations provider vscode.git 678
[2021-08-30 00:41:42.430] [exthost] [warning] [Decorations] CAPPING events from decorations provider vscode.git 678
[2021-08-30 00:41:47.495] [exthost] [warning] [Decorations] CAPPING events from decorations provider vscode.git 678
[2021-08-30 00:41:52.560] [exthost] [warning] [Decorations] CAPPING events from decorations provider vscode.git 678
[2021-08-30 00:41:57.628] [exthost] [warning] [Decorations] CAPPING events from decorations provider vscode.git 678
[2021-08-30 00:42:02.695] [exthost] [warning] [Decorations] CAPPING events from decorations provider vscode.git 678
[2021-08-30 00:42:07.759] [exthost] [warning] [Decorations] CAPPING events from decorations provider vscode.git 678
[2021-08-30 00:42:12.825] [exthost] [warning] [Decorations] CAPPING events from decorations provider vscode.git 678
[2021-08-30 00:42:17.890] [exthost] [warning] [Decorations] CAPPING events from decorations provider vscode.git 678
[2021-08-30 00:42:22.954] [exthost] [warning] [Decorations] CAPPING events from decorations provider vscode.git 678
[2021-08-30 00:42:28.016] [exthost] [warning] [Decorations] CAPPING events from decorations provider vscode.git 678
[2021-08-30 00:42:33.082] [exthost] [warning] [Decorations] CAPPING events from decorations provider vscode.git 678
[2021-08-30 00:42:38.147] [exthost] [warning] [Decorations] CAPPING events from decorations provider vscode.git 678
[2021-08-30 00:42:43.213] [exthost] [warning] [Decorations] CAPPING events from decorations provider vscode.git 678
[2021-08-30 00:42:48.276] [exthost] [warning] [Decorations] CAPPING events from decorations provider vscode.git 678
[2021-08-30 00:42:53.335] [exthost] [warning] [Decorations] CAPPING events from decorations provider vscode.git 678
[2021-08-30 00:42:58.412] [exthost] [warning] [Decorations] CAPPING events from decorations provider vscode.git 678
[2021-08-30 00:43:03.478] [exthost] [warning] [Decorations] CAPPING events from decorations provider vscode.git 678
[2021-08-30 00:43:08.533] [exthost] [warning] [Decorations] CAPPING events from decorations provider vscode.git 678
[2021-08-30 00:43:13.595] [exthost] [warning] [Decorations] CAPPING events from decorations provider vscode.git 678
[2021-08-30 00:43:18.657] [exthost] [warning] [Decorations] CAPPING events from decorations provider vscode.git 678
[2021-08-30 00:43:23.720] [exthost] [warning] [Decorations] CAPPING events from decorations provider vscode.git 678
[2021-08-30 00:43:28.783] [exthost] [warning] [Decorations] CAPPING events from decorations provider vscode.git 678
[2021-08-30 00:43:33.861] [exthost] [warning] [Decorations] CAPPING events from decorations provider vscode.git 678
[2021-08-30 00:43:38.932] [exthost] [warning] [Decorations] CAPPING events from decorations provider vscode.git 678
[2021-08-30 00:43:43.997] [exthost] [warning] [Decorations] CAPPING events from decorations provider vscode.git 678
[2021-08-30 00:43:49.062] [exthost] [warning] [Decorations] CAPPING events from decorations provider vscode.git 678
[2021-08-30 00:43:54.114] [exthost] [warning] [Decorations] CAPPING events from decorations provider vscode.git 678
[2021-08-30 00:43:59.179] [exthost] [warning] [Decorations] CAPPING events from decorations provider vscode.git 678
[2021-08-30 00:44:04.231] [exthost] [warning] [Decorations] CAPPING events from decorations provider vscode.git 678
[2021-08-30 00:44:09.303] [exthost] [warning] [Decorations] CAPPING events from decorations provider vscode.git 678
[2021-08-30 00:44:14.352] [exthost] [warning] [Decorations] CAPPING events from decorations provider vscode.git 678
[2021-08-30 00:44:19.397] [exthost] [warning] [Decorations] CAPPING events from decorations provider vscode.git 678
[2021-08-30 00:44:24.459] [exthost] [warning] [Decorations] CAPPING events from decorations provider vscode.git 678
[2021-08-30 00:44:29.523] [exthost] [warning] [Decorations] CAPPING events from decorations provider vscode.git 678
[2021-08-30 00:44:34.587] [exthost] [warning] [Decorations] CAPPING events from decorations provider vscode.git 678
[2021-08-30 00:44:39.651] [exthost] [warning] [Decorations] CAPPING events from decorations provider vscode.git 678
[2021-08-30 00:44:44.714] [exthost] [warning] [Decorations] CAPPING events from decorations provider vscode.git 678
[2021-08-30 00:44:49.776] [exthost] [warning] [Decorations] CAPPING events from decorations provider vscode.git 678
[2021-08-30 00:44:54.845] [exthost] [warning] [Decorations] CAPPING events from decorations provider vscode.git 678
[2021-08-30 00:44:59.903] [exthost] [warning] [Decorations] CAPPING events from decorations provider vscode.git 678
[2021-08-30 00:45:04.969] [exthost] [warning] [Decorations] CAPPING events from decorations provider vscode.git 678
[2021-08-30 00:45:10.030] [exthost] [warning] [Decorations] CAPPING events from decorations provider vscode.git 678
[2021-08-30 00:45:15.094] [exthost] [warning] [Decorations] CAPPING events from decorations provider vscode.git 678
[2021-08-30 00:45:20.173] [exthost] [warning] [Decorations] CAPPING events from decorations provider vscode.git 678
[2021-08-30 00:45:25.238] [exthost] [warning] [Decorations] CAPPING events from decorations provider vscode.git 678
[2021-08-30 00:45:30.302] [exthost] [warning] [Decorations] CAPPING events from decorations provider vscode.git 678
[2021-08-30 00:45:35.363] [exthost] [warning] [Decorations] CAPPING events from decorations provider vscode.git 678
[2021-08-30 00:45:40.437] [exthost] [warning] [Decorations] CAPPING events from decorations provider vscode.git 678
[2021-08-30 00:45:45.508] [exthost] [warning] [Decorations] CAPPING events from decorations provider vscode.git 678
[2021-08-30 00:45:50.572] [exthost] [warning] [Decorations] CAPPING events from decorations provider vscode.git 678
[2021-08-30 00:45:55.637] [exthost] [warning] [Decorations] CAPPING events from decorations provider vscode.git 678
[2021-08-30 00:46:00.713] [exthost] [warning] [Decorations] CAPPING events from decorations provider vscode.git 678
[2021-08-30 00:46:05.780] [exthost] [warning] [Decorations] CAPPING events from decorations provider vscode.git 678
[2021-08-30 00:46:10.842] [exthost] [warning] [Decorations] CAPPING events from decorations provider vscode.git 678
[2021-08-30 00:46:15.902] [exthost] [warning] [Decorations] CAPPING events from decorations provider vscode.git 678
[2021-08-30 00:46:20.979] [exthost] [warning] [Decorations] CAPPING events from decorations provider vscode.git 678
[2021-08-30 00:46:26.039] [exthost] [warning] [Decorations] CAPPING events from decorations provider vscode.git 678
[2021-08-30 00:46:31.101] [exthost] [warning] [Decorations] CAPPING events from decorations provider vscode.git 678
[2021-08-30 00:46:36.165] [exthost] [warning] [Decorations] CAPPING events from decorations provider vscode.git 678
[2021-08-30 00:46:41.240] [exthost] [warning] [Decorations] CAPPING events from decorations provider vscode.git 678
[2021-08-30 00:46:46.305] [exthost] [warning] [Decorations] CAPPING events from decorations provider vscode.git 678
[2021-08-30 00:46:51.356] [exthost] [warning] [Decorations] CAPPING events from decorations provider vscode.git 678
[2021-08-30 00:46:56.416] [exthost] [warning] [Decorations] CAPPING events from decorations provider vscode.git 678
[2021-08-30 00:47:01.475] [exthost] [warning] [Decorations] CAPPING events from decorations provider vscode.git 678
[2021-08-30 00:47:06.538] [exthost] [warning] [Decorations] CAPPING events from decorations provider vscode.git 678
[2021-08-30 00:47:11.601] [exthost] [warning] [Decorations] CAPPING events from decorations provider vscode.git 678
[2021-08-30 00:47:16.667] [exthost] [warning] [Decorations] CAPPING events from decorations provider vscode.git 678
[2021-08-30 00:47:21.743] [exthost] [warning] [Decorations] CAPPING events from decorations provider vscode.git 678
[2021-08-30 00:47:26.816] [exthost] [warning] [Decorations] CAPPING events from decorations provider vscode.git 678
[2021-08-30 00:47:31.879] [exthost] [warning] [Decorations] CAPPING events from decorations provider vscode.git 678
[2021-08-30 00:47:36.947] [exthost] [warning] [Decorations] CAPPING events from decorations provider vscode.git 678
[2021-08-30 00:47:42.016] [exthost] [warning] [Decorations] CAPPING events from decorations provider vscode.git 678
[2021-08-30 00:47:47.084] [exthost] [warning] [Decorations] CAPPING events from decorations provider vscode.git 678
[2021-08-30 00:47:52.138] [exthost] [warning] [Decorations] CAPPING events from decorations provider vscode.git 678
[2021-08-30 00:47:57.197] [exthost] [warning] [Decorations] CAPPING events from decorations provider vscode.git 678
[2021-08-30 00:48:02.264] [exthost] [warning] [Decorations] CAPPING events from decorations provider vscode.git 678
[2021-08-30 00:48:07.329] [exthost] [warning] [Decorations] CAPPING events from decorations provider vscode.git 678
[2021-08-30 00:48:12.395] [exthost] [warning] [Decorations] CAPPING events from decorations provider vscode.git 678
[2021-08-30 00:48:17.460] [exthost] [warning] [Decorations] CAPPING events from decorations provider vscode.git 678
[2021-08-30 00:48:22.523] [exthost] [warning] [Decorations] CAPPING events from decorations provider vscode.git 678
[2021-08-30 00:48:27.590] [exthost] [warning] [Decorations] CAPPING events from decorations provider vscode.git 678
[2021-08-30 00:48:32.658] [exthost] [warning] [Decorations] CAPPING events from decorations provider vscode.git 678
[2021-08-30 00:48:37.726] [exthost] [warning] [Decorations] CAPPING events from decorations provider vscode.git 678
[2021-08-30 00:48:42.790] [exthost] [warning] [Decorations] CAPPING events from decorations provider vscode.git 678
[2021-08-30 00:48:47.860] [exthost] [warning] [Decorations] CAPPING events from decorations provider vscode.git 678
[2021-08-30 00:48:52.923] [exthost] [warning] [Decorations] CAPPING events from decorations provider vscode.git 678
[2021-08-30 00:48:57.985] [exthost] [warning] [Decorations] CAPPING events from decorations provider vscode.git 678
[2021-08-30 00:49:03.047] [exthost] [warning] [Decorations] CAPPING events from decorations provider vscode.git 678
[2021-08-30 00:49:08.112] [exthost] [warning] [Decorations] CAPPING events from decorations provider vscode.git 678
[2021-08-30 00:49:13.176] [exthost] [warning] [Decorations] CAPPING events from decorations provider vscode.git 678
[2021-08-30 00:49:18.238] [exthost] [warning] [Decorations] CAPPING events from decorations provider vscode.git 678
[2021-08-30 00:49:23.302] [exthost] [warning] [Decorations] CAPPING events from decorations provider vscode.git 678
[2021-08-30 00:49:28.366] [exthost] [warning] [Decorations] CAPPING events from decorations provider vscode.git 678
[2021-08-30 00:49:33.432] [exthost] [warning] [Decorations] CAPPING events from decorations provider vscode.git 678
[2021-08-30 00:49:38.490] [exthost] [warning] [Decorations] CAPPING events from decorations provider vscode.git 678
[2021-08-30 00:49:43.550] [exthost] [warning] [Decorations] CAPPING events from decorations provider vscode.git 678
[2021-08-30 00:49:48.615] [exthost] [warning] [Decorations] CAPPING events from decorations provider vscode.git 678
[2021-08-30 00:49:53.681] [exthost] [warning] [Decorations] CAPPING events from decorations provider vscode.git 678
[2021-08-30 00:49:58.746] [exthost] [warning] [Decorations] CAPPING events from decorations provider vscode.git 678
[2021-08-30 00:50:03.816] [exthost] [warning] [Decorations] CAPPING events from decorations provider vscode.git 678
[2021-08-30 00:50:08.879] [exthost] [warning] [Decorations] CAPPING events from decorations provider vscode.git 678
[2021-08-30 00:50:13.932] [exthost] [warning] [Decorations] CAPPING events from decorations provider vscode.git 678
[2021-08-30 00:50:18.986] [exthost] [warning] [Decorations] CAPPING events from decorations provider vscode.git 678
[2021-08-30 00:50:24.049] [exthost] [warning] [Decorations] CAPPING events from decorations provider vscode.git 678
[2021-08-30 00:50:29.113] [exthost] [warning] [Decorations] CAPPING events from decorations provider vscode.git 678
[2021-08-30 00:50:34.177] [exthost] [warning] [Decorations] CAPPING events from decorations provider vscode.git 678
[2021-08-30 00:50:39.246] [exthost] [warning] [Decorations] CAPPING events from decorations provider vscode.git 678
[2021-08-30 00:50:44.309] [exthost] [warning] [Decorations] CAPPING events from decorations provider vscode.git 678
[2021-08-30 00:50:49.385] [exthost] [warning] [Decorations] CAPPING events from decorations provider vscode.git 678
[2021-08-30 00:50:54.442] [exthost] [warning] [Decorations] CAPPING events from decorations provider vscode.git 678
[2021-08-30 00:50:59.492] [exthost] [warning] [Decorations] CAPPING events from decorations provider vscode.git 678
[2021-08-30 00:51:04.549] [exthost] [warning] [Decorations] CAPPING events from decorations provider vscode.git 678
[2021-08-30 00:51:09.612] [exthost] [warning] [Decorations] CAPPING events from decorations provider vscode.git 678
[2021-08-30 00:51:14.673] [exthost] [warning] [Decorations] CAPPING events from decorations provider vscode.git 678
[2021-08-30 00:51:19.736] [exthost] [warning] [Decorations] CAPPING events from decorations provider vscode.git 678
[2021-08-30 00:51:24.808] [exthost] [warning] [Decorations] CAPPING events from decorations provider vscode.git 678
[2021-08-30 00:51:29.875] [exthost] [warning] [Decorations] CAPPING events from decorations provider vscode.git 678
[2021-08-30 00:51:34.943] [exthost] [warning] [Decorations] CAPPING events from decorations provider vscode.git 678
[2021-08-30 00:51:40.010] [exthost] [warning] [Decorations] CAPPING events from decorations provider vscode.git 678
[2021-08-30 00:51:45.075] [exthost] [warning] [Decorations] CAPPING events from decorations provider vscode.git 678
[2021-08-30 00:51:50.137] [exthost] [warning] [Decorations] CAPPING events from decorations provider vscode.git 678
[2021-08-30 00:51:55.202] [exthost] [warning] [Decorations] CAPPING events from decorations provider vscode.git 678
[2021-08-30 00:52:00.279] [exthost] [warning] [Decorations] CAPPING events from decorations provider vscode.git 678
[2021-08-30 00:52:05.347] [exthost] [warning] [Decorations] CAPPING events from decorations provider vscode.git 678
[2021-08-30 00:52:10.409] [exthost] [warning] [Decorations] CAPPING events from decorations provider vscode.git 678
[2021-08-30 00:52:15.479] [exthost] [warning] [Decorations] CAPPING events from decorations provider vscode.git 678
[2021-08-30 00:52:20.544] [exthost] [warning] [Decorations] CAPPING events from decorations provider vscode.git 678
[2021-08-30 00:52:25.607] [exthost] [warning] [Decorations] CAPPING events from decorations provider vscode.git 678
[2021-08-30 00:52:30.672] [exthost] [warning] [Decorations] CAPPING events from decorations provider vscode.git 678
[2021-08-30 00:52:35.737] [exthost] [warning] [Decorations] CAPPING events from decorations provider vscode.git 678
[2021-08-30 00:52:40.796] [exthost] [warning] [Decorations] CAPPING events from decorations provider vscode.git 678
[2021-08-30 00:52:45.845] [exthost] [warning] [Decorations] CAPPING events from decorations provider vscode.git 678
[2021-08-30 00:52:50.901] [exthost] [warning] [Decorations] CAPPING events from decorations provider vscode.git 678
[2021-08-30 00:52:55.953] [exthost] [warning] [Decorations] CAPPING events from decorations provider vscode.git 678
[2021-08-30 00:53:01.008] [exthost] [warning] [Decorations] CAPPING events from decorations provider vscode.git 678
[2021-08-30 00:53:06.056] [exthost] [warning] [Decorations] CAPPING events from decorations provider vscode.git 678
[2021-08-30 00:53:11.105] [exthost] [warning] [Decorations] CAPPING events from decorations provider vscode.git 678
[2021-08-30 00:53:16.159] [exthost] [warning] [Decorations] CAPPING events from decorations provider vscode.git 678
[2021-08-30 00:53:21.219] [exthost] [warning] [Decorations] CAPPING events from decorations provider vscode.git 678
[2021-08-30 00:53:26.282] [exthost] [warning] [Decorations] CAPPING events from decorations provider vscode.git 678
[2021-08-30 00:53:31.349] [exthost] [warning] [Decorations] CAPPING events from decorations provider vscode.git 678
[2021-08-30 00:53:36.423] [exthost] [warning] [Decorations] CAPPING events from decorations provider vscode.git 678
[2021-08-30 00:53:41.489] [exthost] [warning] [Decorations] CAPPING events from decorations provider vscode.git 678
[2021-08-30 00:53:46.553] [exthost] [warning] [Decorations] CAPPING events from decorations provider vscode.git 678
[2021-08-30 00:53:51.619] [exthost] [warning] [Decorations] CAPPING events from decorations provider vscode.git 678
[2021-08-30 00:53:56.683] [exthost] [warning] [Decorations] CAPPING events from decorations provider vscode.git 678
[2021-08-30 00:54:01.749] [exthost] [warning] [Decorations] CAPPING events from decorations provider vscode.git 678
[2021-08-30 00:54:06.809] [exthost] [warning] [Decorations] CAPPING events from decorations provider vscode.git 678
[2021-08-30 00:54:11.873] [exthost] [warning] [Decorations] CAPPING events from decorations provider vscode.git 678
[2021-08-30 00:54:16.948] [exthost] [warning] [Decorations] CAPPING events from decorations provider vscode.git 678
[2021-08-30 00:54:22.024] [exthost] [warning] [Decorations] CAPPING events from decorations provider vscode.git 678
[2021-08-30 00:54:27.086] [exthost] [warning] [Decorations] CAPPING events from decorations provider vscode.git 678
[2021-08-30 00:54:32.148] [exthost] [warning] [Decorations] CAPPING events from decorations provider vscode.git 678
[2021-08-30 00:54:37.222] [exthost] [warning] [Decorations] CAPPING events from decorations provider vscode.git 678
[2021-08-30 00:54:42.289] [exthost] [warning] [Decorations] CAPPING events from decorations provider vscode.git 678
[2021-08-30 00:54:47.349] [exthost] [warning] [Decorations] CAPPING events from decorations provider vscode.git 678
[2021-08-30 00:54:52.413] [exthost] [warning] [Decorations] CAPPING events from decorations provider vscode.git 678
[2021-08-30 00:54:57.487] [exthost] [warning] [Decorations] CAPPING events from decorations provider vscode.git 678
[2021-08-30 00:55:02.552] [exthost] [warning] [Decorations] CAPPING events from decorations provider vscode.git 678
[2021-08-30 00:55:07.616] [exthost] [warning] [Decorations] CAPPING events from decorations provider vscode.git 678
[2021-08-30 00:55:12.678] [exthost] [warning] [Decorations] CAPPING events from decorations provider vscode.git 678
[2021-08-30 00:55:17.756] [exthost] [warning] [Decorations] CAPPING events from decorations provider vscode.git 678
[2021-08-30 00:55:22.823] [exthost] [warning] [Decorations] CAPPING events from decorations provider vscode.git 678
[2021-08-30 00:55:27.885] [exthost] [warning] [Decorations] CAPPING events from decorations provider vscode.git 678
[2021-08-30 00:55:32.948] [exthost] [warning] [Decorations] CAPPING events from decorations provider vscode.git 678
[2021-08-30 00:55:38.028] [exthost] [warning] [Decorations] CAPPING events from decorations provider vscode.git 678
[2021-08-30 00:55:43.087] [exthost] [warning] [Decorations] CAPPING events from decorations provider vscode.git 678
[2021-08-30 00:55:48.143] [exthost] [warning] [Decorations] CAPPING events from decorations provider vscode.git 678
[2021-08-30 00:55:53.195] [exthost] [warning] [Decorations] CAPPING events from decorations provider vscode.git 678
[2021-08-30 00:55:58.262] [exthost] [warning] [Decorations] CAPPING events from decorations provider vscode.git 678
[2021-08-30 00:56:03.324] [exthost] [warning] [Decorations] CAPPING events from decorations provider vscode.git 678
[2021-08-30 00:56:08.388] [exthost] [warning] [Decorations] CAPPING events from decorations provider vscode.git 678
[2021-08-30 00:56:13.436] [exthost] [warning] [Decorations] CAPPING events from decorations provider vscode.git 678
[2021-08-30 00:56:18.488] [exthost] [warning] [Decorations] CAPPING events from decorations provider vscode.git 678
[2021-08-30 00:56:23.552] [exthost] [warning] [Decorations] CAPPING events from decorations provider vscode.git 678
[2021-08-30 00:56:28.615] [exthost] [warning] [Decorations] CAPPING events from decorations provider vscode.git 678
[2021-08-30 00:56:33.683] [exthost] [warning] [Decorations] CAPPING events from decorations provider vscode.git 678
[2021-08-30 00:56:38.750] [exthost] [warning] [Decorations] CAPPING events from decorations provider vscode.git 678
[2021-08-30 00:56:43.813] [exthost] [warning] [Decorations] CAPPING events from decorations provider vscode.git 678
[2021-08-30 00:56:48.876] [exthost] [warning] [Decorations] CAPPING events from decorations provider vscode.git 678
[2021-08-30 00:56:53.933] [exthost] [warning] [Decorations] CAPPING events from decorations provider vscode.git 678
[2021-08-30 00:56:58.982] [exthost] [warning] [Decorations] CAPPING events from decorations provider vscode.git 678
[2021-08-30 00:57:04.040] [exthost] [warning] [Decorations] CAPPING events from decorations provider vscode.git 678
[2021-08-30 00:57:09.093] [exthost] [warning] [Decorations] CAPPING events from decorations provider vscode.git 678
[2021-08-30 00:57:14.168] [exthost] [warning] [Decorations] CAPPING events from decorations provider vscode.git 678
[2021-08-30 00:57:19.236] [exthost] [warning] [Decorations] CAPPING events from decorations provider vscode.git 678
[2021-08-30 00:57:24.299] [exthost] [warning] [Decorations] CAPPING events from decorations provider vscode.git 678
[2021-08-30 00:57:29.362] [exthost] [warning] [Decorations] CAPPING events from decorations provider vscode.git 678
[2021-08-30 00:57:34.425] [exthost] [warning] [Decorations] CAPPING events from decorations provider vscode.git 678
[2021-08-30 00:57:39.489] [exthost] [warning] [Decorations] CAPPING events from decorations provider vscode.git 678
[2021-08-30 00:57:44.556] [exthost] [warning] [Decorations] CAPPING events from decorations provider vscode.git 678
[2021-08-30 00:57:49.620] [exthost] [warning] [Decorations] CAPPING events from decorations provider vscode.git 678
[2021-08-30 00:57:54.688] [exthost] [warning] [Decorations] CAPPING events from decorations provider vscode.git 678
[2021-08-30 00:57:59.753] [exthost] [warning] [Decorations] CAPPING events from decorations provider vscode.git 678
[2021-08-30 00:58:04.809] [exthost] [warning] [Decorations] CAPPING events from decorations provider vscode.git 678
[2021-08-30 00:58:09.860] [exthost] [warning] [Decorations] CAPPING events from decorations provider vscode.git 678
[2021-08-30 00:58:14.915] [exthost] [warning] [Decorations] CAPPING events from decorations provider vscode.git 678
[2021-08-30 00:58:19.966] [exthost] [warning] [Decorations] CAPPING events from decorations provider vscode.git 678
[2021-08-30 00:58:25.027] [exthost] [warning] [Decorations] CAPPING events from decorations provider vscode.git 678
[2021-08-30 00:58:30.105] [exthost] [warning] [Decorations] CAPPING events from decorations provider vscode.git 678
[2021-08-30 00:58:35.169] [exthost] [warning] [Decorations] CAPPING events from decorations provider vscode.git 678
[2021-08-30 00:58:40.229] [exthost] [warning] [Decorations] CAPPING events from decorations provider vscode.git 678
[2021-08-30 00:58:45.290] [exthost] [warning] [Decorations] CAPPING events from decorations provider vscode.git 678
[2021-08-30 00:58:50.345] [exthost] [warning] [Decorations] CAPPING events from decorations provider vscode.git 678
[2021-08-30 00:58:55.396] [exthost] [warning] [Decorations] CAPPING events from decorations provider vscode.git 678
[2021-08-30 00:59:00.454] [exthost] [warning] [Decorations] CAPPING events from decorations provider vscode.git 678
[2021-08-30 00:59:05.520] [exthost] [warning] [Decorations] CAPPING events from decorations provider vscode.git 678
[2021-08-30 00:59:10.583] [exthost] [warning] [Decorations] CAPPING events from decorations provider vscode.git 678
[2021-08-30 00:59:15.654] [exthost] [warning] [Decorations] CAPPING events from decorations provider vscode.git 678
[2021-08-30 00:59:20.721] [exthost] [warning] [Decorations] CAPPING events from decorations provider vscode.git 678
[2021-08-30 00:59:25.786] [exthost] [warning] [Decorations] CAPPING events from decorations provider vscode.git 678
[2021-08-30 00:59:30.847] [exthost] [warning] [Decorations] CAPPING events from decorations provider vscode.git 678
[2021-08-30 00:59:35.913] [exthost] [warning] [Decorations] CAPPING events from decorations provider vscode.git 678
[2021-08-30 00:59:40.967] [exthost] [warning] [Decorations] CAPPING events from decorations provider vscode.git 678
[2021-08-30 00:59:46.029] [exthost] [warning] [Decorations] CAPPING events from decorations provider vscode.git 678
[2021-08-30 00:59:51.090] [exthost] [warning] [Decorations] CAPPING events from decorations provider vscode.git 678
[2021-08-30 00:59:56.164] [exthost] [warning] [Decorations] CAPPING events from decorations provider vscode.git 678
[2021-08-30 01:00:01.226] [exthost] [warning] [Decorations] CAPPING events from decorations provider vscode.git 678
[2021-08-30 01:00:06.292] [exthost] [warning] [Decorations] CAPPING events from decorations provider vscode.git 678
[2021-08-30 01:00:11.355] [exthost] [warning] [Decorations] CAPPING events from decorations provider vscode.git 678
[2021-08-30 01:00:16.417] [exthost] [warning] [Decorations] CAPPING events from decorations provider vscode.git 678
[2021-08-30 01:00:21.480] [exthost] [warning] [Decorations] CAPPING events from decorations provider vscode.git 678
[2021-08-30 01:00:26.545] [exthost] [warning] [Decorations] CAPPING events from decorations provider vscode.git 678
[2021-08-30 01:00:31.598] [exthost] [warning] [Decorations] CAPPING events from decorations provider vscode.git 678
[2021-08-30 01:00:36.658] [exthost] [warning] [Decorations] CAPPING events from decorations provider vscode.git 678
[2021-08-30 01:00:41.720] [exthost] [warning] [Decorations] CAPPING events from decorations provider vscode.git 678
[2021-08-30 01:00:46.783] [exthost] [warning] [Decorations] CAPPING events from decorations provider vscode.git 678
[2021-08-30 01:00:51.855] [exthost] [warning] [Decorations] CAPPING events from decorations provider vscode.git 678
[2021-08-30 01:00:56.925] [exthost] [warning] [Decorations] CAPPING events from decorations provider vscode.git 678
[2021-08-30 01:01:01.987] [exthost] [warning] [Decorations] CAPPING events from decorations provider vscode.git 678
[2021-08-30 01:01:07.039] [exthost] [warning] [Decorations] CAPPING events from decorations provider vscode.git 678
[2021-08-30 01:01:12.096] [exthost] [warning] [Decorations] CAPPING events from decorations provider vscode.git 678
[2021-08-30 01:01:17.159] [exthost] [warning] [Decorations] CAPPING events from decorations provider vscode.git 678
[2021-08-30 01:01:22.220] [exthost] [warning] [Decorations] CAPPING events from decorations provider vscode.git 678
[2021-08-30 01:01:27.283] [exthost] [warning] [Decorations] CAPPING events from decorations provider vscode.git 678
[2021-08-30 01:01:32.350] [exthost] [warning] [Decorations] CAPPING events from decorations provider vscode.git 678
[2021-08-30 01:01:37.407] [exthost] [warning] [Decorations] CAPPING events from decorations provider vscode.git 678
[2021-08-30 01:01:42.472] [exthost] [warning] [Decorations] CAPPING events from decorations provider vscode.git 678
[2021-08-30 01:01:47.534] [exthost] [warning] [Decorations] CAPPING events from decorations provider vscode.git 678
[2021-08-30 01:01:52.598] [exthost] [warning] [Decorations] CAPPING events from decorations provider vscode.git 678
[2021-08-30 01:01:57.659] [exthost] [warning] [Decorations] CAPPING events from decorations provider vscode.git 678
[2021-08-30 01:02:02.726] [exthost] [warning] [Decorations] CAPPING events from decorations provider vscode.git 678
[2021-08-30 01:02:07.803] [exthost] [warning] [Decorations] CAPPING events from decorations provider vscode.git 678
[2021-08-30 01:02:12.868] [exthost] [warning] [Decorations] CAPPING events from decorations provider vscode.git 678
[2021-08-30 01:02:17.931] [exthost] [warning] [Decorations] CAPPING events from decorations provider vscode.git 678
[2021-08-30 01:02:22.995] [exthost] [warning] [Decorations] CAPPING events from decorations provider vscode.git 678
[2021-08-30 01:02:28.058] [exthost] [warning] [Decorations] CAPPING events from decorations provider vscode.git 678
[2021-08-30 01:02:33.108] [exthost] [warning] [Decorations] CAPPING events from decorations provider vscode.git 678
[2021-08-30 01:02:38.170] [exthost] [warning] [Decorations] CAPPING events from decorations provider vscode.git 678
[2021-08-30 01:02:43.237] [exthost] [warning] [Decorations] CAPPING events from decorations provider vscode.git 678
[2021-08-30 01:02:48.306] [exthost] [warning] [Decorations] CAPPING events from decorations provider vscode.git 678
[2021-08-30 01:02:53.368] [exthost] [warning] [Decorations] CAPPING events from decorations provider vscode.git 678
[2021-08-30 01:02:58.429] [exthost] [warning] [Decorations] CAPPING events from decorations provider vscode.git 678
[2021-08-30 01:03:03.491] [exthost] [warning] [Decorations] CAPPING events from decorations provider vscode.git 678
[2021-08-30 01:03:08.557] [exthost] [warning] [Decorations] CAPPING events from decorations provider vscode.git 678
[2021-08-30 01:03:13.622] [exthost] [warning] [Decorations] CAPPING events from decorations provider vscode.git 678
[2021-08-30 01:03:18.688] [exthost] [warning] [Decorations] CAPPING events from decorations provider vscode.git 678
[2021-08-30 01:03:23.750] [exthost] [warning] [Decorations] CAPPING events from decorations provider vscode.git 678
[2021-08-30 01:03:28.816] [exthost] [warning] [Decorations] CAPPING events from decorations provider vscode.git 678
[2021-08-30 01:03:33.880] [exthost] [warning] [Decorations] CAPPING events from decorations provider vscode.git 678
[2021-08-30 01:03:38.942] [exthost] [warning] [Decorations] CAPPING events from decorations provider vscode.git 678
[2021-08-30 01:03:44.002] [exthost] [warning] [Decorations] CAPPING events from decorations provider vscode.git 678
[2021-08-30 01:03:49.067] [exthost] [warning] [Decorations] CAPPING events from decorations provider vscode.git 678
[2021-08-30 01:03:54.129] [exthost] [warning] [Decorations] CAPPING events from decorations provider vscode.git 678
[2021-08-30 01:03:59.192] [exthost] [warning] [Decorations] CAPPING events from decorations provider vscode.git 678
[2021-08-30 01:04:04.253] [exthost] [warning] [Decorations] CAPPING events from decorations provider vscode.git 678
[2021-08-30 01:04:09.303] [exthost] [warning] [Decorations] CAPPING events from decorations provider vscode.git 678
[2021-08-30 01:04:14.351] [exthost] [warning] [Decorations] CAPPING events from decorations provider vscode.git 678
[2021-08-30 01:04:19.412] [exthost] [warning] [Decorations] CAPPING events from decorations provider vscode.git 678
[2021-08-30 01:04:24.475] [exthost] [warning] [Decorations] CAPPING events from decorations provider vscode.git 678
[2021-08-30 01:04:29.542] [exthost] [warning] [Decorations] CAPPING events from decorations provider vscode.git 678
[2021-08-30 01:04:34.607] [exthost] [warning] [Decorations] CAPPING events from decorations provider vscode.git 678
[2021-08-30 01:04:39.672] [exthost] [warning] [Decorations] CAPPING events from decorations provider vscode.git 678
[2021-08-30 01:04:44.739] [exthost] [warning] [Decorations] CAPPING events from decorations provider vscode.git 678
[2021-08-30 01:04:49.801] [exthost] [warning] [Decorations] CAPPING events from decorations provider vscode.git 678
[2021-08-30 01:04:54.863] [exthost] [warning] [Decorations] CAPPING events from decorations provider vscode.git 678
[2021-08-30 01:04:59.925] [exthost] [warning] [Decorations] CAPPING events from decorations provider vscode.git 678
[2021-08-30 01:05:04.986] [exthost] [warning] [Decorations] CAPPING events from decorations provider vscode.git 678
[2021-08-30 01:05:10.047] [exthost] [warning] [Decorations] CAPPING events from decorations provider vscode.git 678
[2021-08-30 01:05:15.108] [exthost] [warning] [Decorations] CAPPING events from decorations provider vscode.git 678
[2021-08-30 01:05:20.171] [exthost] [warning] [Decorations] CAPPING events from decorations provider vscode.git 678
[2021-08-30 01:05:25.236] [exthost] [warning] [Decorations] CAPPING events from decorations provider vscode.git 678
[2021-08-30 01:05:30.301] [exthost] [warning] [Decorations] CAPPING events from decorations provider vscode.git 678
[2021-08-30 01:05:35.364] [exthost] [warning] [Decorations] CAPPING events from decorations provider vscode.git 678
[2021-08-30 01:05:40.419] [exthost] [warning] [Decorations] CAPPING events from decorations provider vscode.git 678
[2021-08-30 01:05:45.468] [exthost] [warning] [Decorations] CAPPING events from decorations provider vscode.git 678
[2021-08-30 01:05:50.517] [exthost] [warning] [Decorations] CAPPING events from decorations provider vscode.git 678
[2021-08-30 01:05:55.576] [exthost] [warning] [Decorations] CAPPING events from decorations provider vscode.git 678
[2021-08-30 01:06:00.642] [exthost] [warning] [Decorations] CAPPING events from decorations provider vscode.git 678
[2021-08-30 01:06:05.703] [exthost] [warning] [Decorations] CAPPING events from decorations provider vscode.git 678
[2021-08-30 01:06:10.764] [exthost] [warning] [Decorations] CAPPING events from decorations provider vscode.git 678
[2021-08-30 01:06:15.840] [exthost] [warning] [Decorations] CAPPING events from decorations provider vscode.git 678
[2021-08-30 01:06:20.906] [exthost] [warning] [Decorations] CAPPING events from decorations provider vscode.git 678
[2021-08-30 01:06:25.969] [exthost] [warning] [Decorations] CAPPING events from decorations provider vscode.git 678
[2021-08-30 01:06:31.032] [exthost] [warning] [Decorations] CAPPING events from decorations provider vscode.git 678
[2021-08-30 01:06:36.095] [exthost] [warning] [Decorations] CAPPING events from decorations provider vscode.git 678
[2021-08-30 01:06:41.155] [exthost] [warning] [Decorations] CAPPING events from decorations provider vscode.git 678
[2021-08-30 01:06:46.219] [exthost] [warning] [Decorations] CAPPING events from decorations provider vscode.git 678
[2021-08-30 01:06:51.286] [exthost] [warning] [Decorations] CAPPING events from decorations provider vscode.git 678
[2021-08-30 01:06:56.349] [exthost] [warning] [Decorations] CAPPING events from decorations provider vscode.git 678
[2021-08-30 01:07:01.415] [exthost] [warning] [Decorations] CAPPING events from decorations provider vscode.git 678
[2021-08-30 01:07:06.481] [exthost] [warning] [Decorations] CAPPING events from decorations provider vscode.git 678
[2021-08-30 01:07:11.545] [exthost] [warning] [Decorations] CAPPING events from decorations provider vscode.git 678
[2021-08-30 01:07:16.610] [exthost] [warning] [Decorations] CAPPING events from decorations provider vscode.git 678
[2021-08-30 01:07:21.674] [exthost] [warning] [Decorations] CAPPING events from decorations provider vscode.git 678
[2021-08-30 01:07:26.738] [exthost] [warning] [Decorations] CAPPING events from decorations provider vscode.git 678
[2021-08-30 01:07:31.801] [exthost] [warning] [Decorations] CAPPING events from decorations provider vscode.git 678
[2021-08-30 01:07:36.871] [exthost] [warning] [Decorations] CAPPING events from decorations provider vscode.git 678
[2021-08-30 01:07:41.934] [exthost] [warning] [Decorations] CAPPING events from decorations provider vscode.git 678
[2021-08-30 01:07:47.002] [exthost] [warning] [Decorations] CAPPING events from decorations provider vscode.git 678
[2021-08-30 01:07:52.079] [exthost] [warning] [Decorations] CAPPING events from decorations provider vscode.git 678
[2021-08-30 01:07:57.143] [exthost] [warning] [Decorations] CAPPING events from decorations provider vscode.git 678
[2021-08-30 01:08:02.205] [exthost] [warning] [Decorations] CAPPING events from decorations provider vscode.git 678
[2021-08-30 01:08:07.269] [exthost] [warning] [Decorations] CAPPING events from decorations provider vscode.git 678
[2021-08-30 01:08:12.344] [exthost] [warning] [Decorations] CAPPING events from decorations provider vscode.git 678
[2021-08-30 01:08:17.415] [exthost] [warning] [Decorations] CAPPING events from decorations provider vscode.git 678
[2021-08-30 01:08:22.476] [exthost] [warning] [Decorations] CAPPING events from decorations provider vscode.git 678
[2021-08-30 01:08:27.537] [exthost] [warning] [Decorations] CAPPING events from decorations provider vscode.git 678
[2021-08-30 01:08:32.619] [exthost] [warning] [Decorations] CAPPING events from decorations provider vscode.git 678
[2021-08-30 01:08:37.685] [exthost] [warning] [Decorations] CAPPING events from decorations provider vscode.git 678
[2021-08-30 01:08:42.748] [exthost] [warning] [Decorations] CAPPING events from decorations provider vscode.git 678
[2021-08-30 01:08:47.806] [exthost] [warning] [Decorations] CAPPING events from decorations provider vscode.git 678
[2021-08-30 01:08:52.862] [exthost] [warning] [Decorations] CAPPING events from decorations provider vscode.git 678
[2021-08-30 01:08:57.927] [exthost] [warning] [Decorations] CAPPING events from decorations provider vscode.git 678
[2021-08-30 01:09:02.990] [exthost] [warning] [Decorations] CAPPING events from decorations provider vscode.git 678
[2021-08-30 01:09:08.052] [exthost] [warning] [Decorations] CAPPING events from decorations provider vscode.git 678
[2021-08-30 01:09:13.121] [exthost] [warning] [Decorations] CAPPING events from decorations provider vscode.git 678
[2021-08-30 01:09:18.187] [exthost] [warning] [Decorations] CAPPING events from decorations provider vscode.git 678
[2021-08-30 01:09:23.248] [exthost] [warning] [Decorations] CAPPING events from decorations provider vscode.git 678
[2021-08-30 01:09:28.311] [exthost] [warning] [Decorations] CAPPING events from decorations provider vscode.git 678
[2021-08-30 01:09:33.387] [exthost] [warning] [Decorations] CAPPING events from decorations provider vscode.git 678
[2021-08-30 01:09:38.449] [exthost] [warning] [Decorations] CAPPING events from decorations provider vscode.git 678
[2021-08-30 01:09:43.511] [exthost] [warning] [Decorations] CAPPING events from decorations provider vscode.git 678
[2021-08-30 01:09:48.572] [exthost] [warning] [Decorations] CAPPING events from decorations provider vscode.git 678
[2021-08-30 01:09:53.647] [exthost] [warning] [Decorations] CAPPING events from decorations provider vscode.git 678
[2021-08-30 01:09:58.711] [exthost] [warning] [Decorations] CAPPING events from decorations provider vscode.git 678
[2021-08-30 01:10:03.774] [exthost] [warning] [Decorations] CAPPING events from decorations provider vscode.git 678
[2021-08-30 01:10:08.835] [exthost] [warning] [Decorations] CAPPING events from decorations provider vscode.git 678
[2021-08-30 01:10:13.901] [exthost] [warning] [Decorations] CAPPING events from decorations provider vscode.git 678
[2021-08-30 01:10:18.968] [exthost] [warning] [Decorations] CAPPING events from decorations provider vscode.git 678
[2021-08-30 01:10:24.031] [exthost] [warning] [Decorations] CAPPING events from decorations provider vscode.git 678
[2021-08-30 01:10:29.095] [exthost] [warning] [Decorations] CAPPING events from decorations provider vscode.git 678
[2021-08-30 01:10:34.173] [exthost] [warning] [Decorations] CAPPING events from decorations provider vscode.git 678
[2021-08-30 01:10:39.234] [exthost] [warning] [Decorations] CAPPING events from decorations provider vscode.git 678
[2021-08-30 01:10:44.298] [exthost] [warning] [Decorations] CAPPING events from decorations provider vscode.git 678
[2021-08-30 01:10:49.361] [exthost] [warning] [Decorations] CAPPING events from decorations provider vscode.git 678
[2021-08-30 01:10:54.422] [exthost] [warning] [Decorations] CAPPING events from decorations provider vscode.git 678
[2021-08-30 01:10:59.490] [exthost] [warning] [Decorations] CAPPING events from decorations provider vscode.git 678
[2021-08-30 01:11:04.553] [exthost] [warning] [Decorations] CAPPING events from decorations provider vscode.git 678
[2021-08-30 01:11:09.616] [exthost] [warning] [Decorations] CAPPING events from decorations provider vscode.git 678
[2021-08-30 01:11:14.679] [exthost] [warning] [Decorations] CAPPING events from decorations provider vscode.git 678
[2021-08-30 01:11:19.744] [exthost] [warning] [Decorations] CAPPING events from decorations provider vscode.git 678
[2021-08-30 01:11:24.805] [exthost] [warning] [Decorations] CAPPING events from decorations provider vscode.git 678
[2021-08-30 01:11:29.871] [exthost] [warning] [Decorations] CAPPING events from decorations provider vscode.git 678
[2021-08-30 01:11:34.934] [exthost] [warning] [Decorations] CAPPING events from decorations provider vscode.git 678
[2021-08-30 01:11:39.997] [exthost] [warning] [Decorations] CAPPING events from decorations provider vscode.git 678
[2021-08-30 01:11:45.061] [exthost] [warning] [Decorations] CAPPING events from decorations provider vscode.git 678
[2021-08-30 01:11:50.126] [exthost] [warning] [Decorations] CAPPING events from decorations provider vscode.git 678
[2021-08-30 01:11:55.191] [exthost] [warning] [Decorations] CAPPING events from decorations provider vscode.git 678
[2021-08-30 01:12:00.255] [exthost] [warning] [Decorations] CAPPING events from decorations provider vscode.git 678
[2021-08-30 01:12:05.320] [exthost] [warning] [Decorations] CAPPING events from decorations provider vscode.git 678
[2021-08-30 01:12:10.394] [exthost] [warning] [Decorations] CAPPING events from decorations provider vscode.git 678
[2021-08-30 01:12:15.457] [exthost] [warning] [Decorations] CAPPING events from decorations provider vscode.git 678
[2021-08-30 01:12:20.519] [exthost] [warning] [Decorations] CAPPING events from decorations provider vscode.git 678
[2021-08-30 01:12:25.580] [exthost] [warning] [Decorations] CAPPING events from decorations provider vscode.git 678
[2021-08-30 01:12:30.630] [exthost] [warning] [Decorations] CAPPING events from decorations provider vscode.git 678
[2021-08-30 01:12:35.682] [exthost] [warning] [Decorations] CAPPING events from decorations provider vscode.git 678
[2021-08-30 01:12:40.739] [exthost] [warning] [Decorations] CAPPING events from decorations provider vscode.git 678
[2021-08-30 01:12:45.801] [exthost] [warning] [Decorations] CAPPING events from decorations provider vscode.git 678
[2021-08-30 01:12:50.876] [exthost] [warning] [Decorations] CAPPING events from decorations provider vscode.git 678
[2021-08-30 01:12:55.940] [exthost] [warning] [Decorations] CAPPING events from decorations provider vscode.git 678
[2021-08-30 01:13:01.002] [exthost] [warning] [Decorations] CAPPING events from decorations provider vscode.git 678
[2021-08-30 01:13:06.065] [exthost] [warning] [Decorations] CAPPING events from decorations provider vscode.git 678
[2021-08-30 01:13:11.125] [exthost] [warning] [Decorations] CAPPING events from decorations provider vscode.git 678
[2021-08-30 01:13:16.174] [exthost] [warning] [Decorations] CAPPING events from decorations provider vscode.git 678
[2021-08-30 01:13:21.231] [exthost] [warning] [Decorations] CAPPING events from decorations provider vscode.git 678
[2021-08-30 01:13:26.295] [exthost] [warning] [Decorations] CAPPING events from decorations provider vscode.git 678
[2021-08-30 01:13:31.369] [exthost] [warning] [Decorations] CAPPING events from decorations provider vscode.git 678
[2021-08-30 01:13:36.437] [exthost] [warning] [Decorations] CAPPING events from decorations provider vscode.git 678
[2021-08-30 01:13:41.499] [exthost] [warning] [Decorations] CAPPING events from decorations provider vscode.git 678
[2021-08-30 01:13:46.559] [exthost] [warning] [Decorations] CAPPING events from decorations provider vscode.git 678
[2021-08-30 01:13:51.620] [exthost] [warning] [Decorations] CAPPING events from decorations provider vscode.git 678
[2021-08-30 01:13:56.686] [exthost] [warning] [Decorations] CAPPING events from decorations provider vscode.git 678
[2021-08-30 01:14:01.749] [exthost] [warning] [Decorations] CAPPING events from decorations provider vscode.git 678
[2021-08-30 01:14:06.811] [exthost] [warning] [Decorations] CAPPING events from decorations provider vscode.git 678
[2021-08-30 01:14:11.871] [exthost] [warning] [Decorations] CAPPING events from decorations provider vscode.git 678
[2021-08-30 01:14:16.937] [exthost] [warning] [Decorations] CAPPING events from decorations provider vscode.git 678
[2021-08-30 01:14:22.000] [exthost] [warning] [Decorations] CAPPING events from decorations provider vscode.git 678
[2021-08-30 01:14:27.062] [exthost] [warning] [Decorations] CAPPING events from decorations provider vscode.git 678
[2021-08-30 01:14:32.124] [exthost] [warning] [Decorations] CAPPING events from decorations provider vscode.git 678
[2021-08-30 01:14:37.180] [exthost] [warning] [Decorations] CAPPING events from decorations provider vscode.git 678
[2021-08-30 01:14:42.237] [exthost] [warning] [Decorations] CAPPING events from decorations provider vscode.git 678
[2021-08-30 01:14:47.299] [exthost] [warning] [Decorations] CAPPING events from decorations provider vscode.git 678
[2021-08-30 01:14:52.386] [exthost] [warning] [Decorations] CAPPING events from decorations provider vscode.git 678
[2021-08-30 01:14:57.453] [exthost] [warning] [Decorations] CAPPING events from decorations provider vscode.git 678
[2021-08-30 01:15:02.513] [exthost] [warning] [Decorations] CAPPING events from decorations provider vscode.git 678
[2021-08-30 01:15:07.575] [exthost] [warning] [Decorations] CAPPING events from decorations provider vscode.git 678
[2021-08-30 01:15:12.663] [exthost] [warning] [Decorations] CAPPING events from decorations provider vscode.git 678
[2021-08-30 01:15:17.719] [exthost] [warning] [Decorations] CAPPING events from decorations provider vscode.git 678
[2021-08-30 01:15:22.775] [exthost] [warning] [Decorations] CAPPING events from decorations provider vscode.git 678
[2021-08-30 01:15:27.835] [exthost] [warning] [Decorations] CAPPING events from decorations provider vscode.git 678
[2021-08-30 01:15:32.899] [exthost] [warning] [Decorations] CAPPING events from decorations provider vscode.git 678
[2021-08-30 01:15:37.962] [exthost] [warning] [Decorations] CAPPING events from decorations provider vscode.git 678
[2021-08-30 01:15:43.028] [exthost] [warning] [Decorations] CAPPING events from decorations provider vscode.git 678
[2021-08-30 01:15:48.092] [exthost] [warning] [Decorations] CAPPING events from decorations provider vscode.git 678
[2021-08-30 01:15:53.170] [exthost] [warning] [Decorations] CAPPING events from decorations provider vscode.git 678
[2021-08-30 01:15:58.235] [exthost] [warning] [Decorations] CAPPING events from decorations provider vscode.git 678
[2021-08-30 01:16:03.294] [exthost] [warning] [Decorations] CAPPING events from decorations provider vscode.git 678
[2021-08-30 01:16:08.353] [exthost] [warning] [Decorations] CAPPING events from decorations provider vscode.git 678
[2021-08-30 01:16:13.413] [exthost] [warning] [Decorations] CAPPING events from decorations provider vscode.git 678
[2021-08-30 01:16:18.471] [exthost] [warning] [Decorations] CAPPING events from decorations provider vscode.git 678
[2021-08-30 01:16:23.531] [exthost] [warning] [Decorations] CAPPING events from decorations provider vscode.git 678
[2021-08-30 01:16:28.591] [exthost] [warning] [Decorations] CAPPING events from decorations provider vscode.git 678
[2021-08-30 01:16:33.652] [exthost] [warning] [Decorations] CAPPING events from decorations provider vscode.git 678
[2021-08-30 01:16:38.720] [exthost] [warning] [Decorations] CAPPING events from decorations provider vscode.git 678
[2021-08-30 01:16:43.782] [exthost] [warning] [Decorations] CAPPING events from decorations provider vscode.git 678
[2021-08-30 01:16:48.846] [exthost] [warning] [Decorations] CAPPING events from decorations provider vscode.git 678
[2021-08-30 01:16:53.907] [exthost] [warning] [Decorations] CAPPING events from decorations provider vscode.git 678
[2021-08-30 01:16:58.968] [exthost] [warning] [Decorations] CAPPING events from decorations provider vscode.git 678
[2021-08-30 01:17:04.034] [exthost] [warning] [Decorations] CAPPING events from decorations provider vscode.git 678
[2021-08-30 01:17:09.086] [exthost] [warning] [Decorations] CAPPING events from decorations provider vscode.git 678
[2021-08-30 01:17:14.136] [exthost] [warning] [Decorations] CAPPING events from decorations provider vscode.git 678
[2021-08-30 01:17:19.185] [exthost] [warning] [Decorations] CAPPING events from decorations provider vscode.git 678
[2021-08-30 01:17:24.232] [exthost] [warning] [Decorations] CAPPING events from decorations provider vscode.git 678
[2021-08-30 01:17:29.282] [exthost] [warning] [Decorations] CAPPING events from decorations provider vscode.git 678
[2021-08-30 01:17:34.340] [exthost] [warning] [Decorations] CAPPING events from decorations provider vscode.git 678
[2021-08-30 01:17:39.403] [exthost] [warning] [Decorations] CAPPING events from decorations provider vscode.git 678
[2021-08-30 01:17:44.465] [exthost] [warning] [Decorations] CAPPING events from decorations provider vscode.git 678
[2021-08-30 01:17:49.531] [exthost] [warning] [Decorations] CAPPING events from decorations provider vscode.git 678
[2021-08-30 01:17:54.593] [exthost] [warning] [Decorations] CAPPING events from decorations provider vscode.git 678
[2021-08-30 01:17:59.655] [exthost] [warning] [Decorations] CAPPING events from decorations provider vscode.git 678
[2021-08-30 01:18:04.719] [exthost] [warning] [Decorations] CAPPING events from decorations provider vscode.git 678
[2021-08-30 01:18:09.785] [exthost] [warning] [Decorations] CAPPING events from decorations provider vscode.git 678
[2021-08-30 01:18:14.845] [exthost] [warning] [Decorations] CAPPING events from decorations provider vscode.git 678
[2021-08-30 01:18:19.903] [exthost] [warning] [Decorations] CAPPING events from decorations provider vscode.git 678
[2021-08-30 01:18:24.962] [exthost] [warning] [Decorations] CAPPING events from decorations provider vscode.git 678
[2021-08-30 01:18:30.025] [exthost] [warning] [Decorations] CAPPING events from decorations provider vscode.git 678
[2021-08-30 01:18:35.087] [exthost] [warning] [Decorations] CAPPING events from decorations provider vscode.git 678
[2021-08-30 01:18:40.152] [exthost] [warning] [Decorations] CAPPING events from decorations provider vscode.git 678
[2021-08-30 01:18:45.215] [exthost] [warning] [Decorations] CAPPING events from decorations provider vscode.git 678
[2021-08-30 01:18:50.275] [exthost] [warning] [Decorations] CAPPING events from decorations provider vscode.git 678
[2021-08-30 01:18:55.336] [exthost] [warning] [Decorations] CAPPING events from decorations provider vscode.git 678
[2021-08-30 01:19:00.400] [exthost] [warning] [Decorations] CAPPING events from decorations provider vscode.git 678
[2021-08-30 01:19:05.462] [exthost] [warning] [Decorations] CAPPING events from decorations provider vscode.git 678
[2021-08-30 01:19:10.527] [exthost] [warning] [Decorations] CAPPING events from decorations provider vscode.git 678
[2021-08-30 01:19:15.589] [exthost] [warning] [Decorations] CAPPING events from decorations provider vscode.git 678
[2021-08-30 01:19:20.654] [exthost] [warning] [Decorations] CAPPING events from decorations provider vscode.git 678
[2021-08-30 01:19:25.718] [exthost] [warning] [Decorations] CAPPING events from decorations provider vscode.git 678
[2021-08-30 01:19:30.784] [exthost] [warning] [Decorations] CAPPING events from decorations provider vscode.git 678
[2021-08-30 01:19:35.855] [exthost] [warning] [Decorations] CAPPING events from decorations provider vscode.git 678
[2021-08-30 01:19:40.912] [exthost] [warning] [Decorations] CAPPING events from decorations provider vscode.git 678
[2021-08-30 01:19:45.961] [exthost] [warning] [Decorations] CAPPING events from decorations provider vscode.git 678
[2021-08-30 01:19:51.015] [exthost] [warning] [Decorations] CAPPING events from decorations provider vscode.git 678
[2021-08-30 01:19:56.073] [exthost] [warning] [Decorations] CAPPING events from decorations provider vscode.git 678
[2021-08-30 01:20:01.127] [exthost] [warning] [Decorations] CAPPING events from decorations provider vscode.git 678
[2021-08-30 01:20:06.178] [exthost] [warning] [Decorations] CAPPING events from decorations provider vscode.git 678
[2021-08-30 01:20:11.236] [exthost] [warning] [Decorations] CAPPING events from decorations provider vscode.git 678
[2021-08-30 01:20:16.293] [exthost] [warning] [Decorations] CAPPING events from decorations provider vscode.git 678
[2021-08-30 01:20:21.351] [exthost] [warning] [Decorations] CAPPING events from decorations provider vscode.git 678
[2021-08-30 01:20:26.411] [exthost] [warning] [Decorations] CAPPING events from decorations provider vscode.git 678
[2021-08-30 01:20:31.470] [exthost] [warning] [Decorations] CAPPING events from decorations provider vscode.git 678
[2021-08-30 01:20:36.529] [exthost] [warning] [Decorations] CAPPING events from decorations provider vscode.git 678
[2021-08-30 01:20:41.600] [exthost] [warning] [Decorations] CAPPING events from decorations provider vscode.git 678
[2021-08-30 01:20:46.661] [exthost] [warning] [Decorations] CAPPING events from decorations provider vscode.git 678
[2021-08-30 01:20:51.725] [exthost] [warning] [Decorations] CAPPING events from decorations provider vscode.git 678
[2021-08-30 01:20:56.797] [exthost] [warning] [Decorations] CAPPING events from decorations provider vscode.git 678
[2021-08-30 01:21:01.863] [exthost] [warning] [Decorations] CAPPING events from decorations provider vscode.git 678
[2021-08-30 01:21:06.924] [exthost] [warning] [Decorations] CAPPING events from decorations provider vscode.git 678
[2021-08-30 01:21:11.984] [exthost] [warning] [Decorations] CAPPING events from decorations provider vscode.git 678
[2021-08-30 01:21:17.045] [exthost] [warning] [Decorations] CAPPING events from decorations provider vscode.git 678
[2021-08-30 01:21:22.109] [exthost] [warning] [Decorations] CAPPING events from decorations provider vscode.git 678
[2021-08-30 01:21:27.171] [exthost] [warning] [Decorations] CAPPING events from decorations provider vscode.git 678
[2021-08-30 01:21:32.232] [exthost] [warning] [Decorations] CAPPING events from decorations provider vscode.git 678
[2021-08-30 01:21:37.292] [exthost] [warning] [Decorations] CAPPING events from decorations provider vscode.git 678
[2021-08-30 01:21:42.366] [exthost] [warning] [Decorations] CAPPING events from decorations provider vscode.git 678
[2021-08-30 01:21:47.429] [exthost] [warning] [Decorations] CAPPING events from decorations provider vscode.git 678
[2021-08-30 01:21:52.492] [exthost] [warning] [Decorations] CAPPING events from decorations provider vscode.git 678
[2021-08-30 01:21:57.554] [exthost] [warning] [Decorations] CAPPING events from decorations provider vscode.git 678
[2021-08-30 01:22:02.618] [exthost] [warning] [Decorations] CAPPING events from decorations provider vscode.git 678
[2021-08-30 01:22:07.681] [exthost] [warning] [Decorations] CAPPING events from decorations provider vscode.git 678
[2021-08-30 01:22:12.745] [exthost] [warning] [Decorations] CAPPING events from decorations provider vscode.git 678
[2021-08-30 01:22:17.810] [exthost] [warning] [Decorations] CAPPING events from decorations provider vscode.git 678
[2021-08-30 01:22:22.873] [exthost] [warning] [Decorations] CAPPING events from decorations provider vscode.git 678
[2021-08-30 01:22:27.934] [exthost] [warning] [Decorations] CAPPING events from decorations provider vscode.git 678
[2021-08-30 01:22:32.994] [exthost] [warning] [Decorations] CAPPING events from decorations provider vscode.git 678
[2021-08-30 01:22:38.060] [exthost] [warning] [Decorations] CAPPING events from decorations provider vscode.git 678
[2021-08-30 01:22:43.122] [exthost] [warning] [Decorations] CAPPING events from decorations provider vscode.git 678
[2021-08-30 01:22:48.185] [exthost] [warning] [Decorations] CAPPING events from decorations provider vscode.git 678
[2021-08-30 01:22:53.245] [exthost] [warning] [Decorations] CAPPING events from decorations provider vscode.git 678
[2021-08-30 01:22:58.306] [exthost] [warning] [Decorations] CAPPING events from decorations provider vscode.git 678
[2021-08-30 01:23:03.361] [exthost] [warning] [Decorations] CAPPING events from decorations provider vscode.git 678
[2021-08-30 01:23:08.410] [exthost] [warning] [Decorations] CAPPING events from decorations provider vscode.git 678
[2021-08-30 01:23:13.460] [exthost] [warning] [Decorations] CAPPING events from decorations provider vscode.git 678
[2021-08-30 01:23:18.511] [exthost] [warning] [Decorations] CAPPING events from decorations provider vscode.git 678
[2021-08-30 01:23:23.570] [exthost] [warning] [Decorations] CAPPING events from decorations provider vscode.git 678
[2021-08-30 01:23:28.629] [exthost] [warning] [Decorations] CAPPING events from decorations provider vscode.git 678
[2021-08-30 01:23:33.692] [exthost] [warning] [Decorations] CAPPING events from decorations provider vscode.git 678
[2021-08-30 01:23:38.757] [exthost] [warning] [Decorations] CAPPING events from decorations provider vscode.git 678
[2021-08-30 01:23:43.820] [exthost] [warning] [Decorations] CAPPING events from decorations provider vscode.git 678
[2021-08-30 01:23:48.882] [exthost] [warning] [Decorations] CAPPING events from decorations provider vscode.git 678
[2021-08-30 01:23:53.945] [exthost] [warning] [Decorations] CAPPING events from decorations provider vscode.git 678
[2021-08-30 01:23:59.008] [exthost] [warning] [Decorations] CAPPING events from decorations provider vscode.git 678
[2021-08-30 01:24:04.068] [exthost] [warning] [Decorations] CAPPING events from decorations provider vscode.git 678
[2021-08-30 01:24:09.128] [exthost] [warning] [Decorations] CAPPING events from decorations provider vscode.git 678
[2021-08-30 01:24:14.183] [exthost] [warning] [Decorations] CAPPING events from decorations provider vscode.git 678
[2021-08-30 01:24:19.233] [exthost] [warning] [Decorations] CAPPING events from decorations provider vscode.git 678
[2021-08-30 01:24:24.282] [exthost] [warning] [Decorations] CAPPING events from decorations provider vscode.git 678
[2021-08-30 01:24:29.331] [exthost] [warning] [Decorations] CAPPING events from decorations provider vscode.git 678
[2021-08-30 01:24:34.392] [exthost] [warning] [Decorations] CAPPING events from decorations provider vscode.git 678
[2021-08-30 01:24:39.451] [exthost] [warning] [Decorations] CAPPING events from decorations provider vscode.git 678
[2021-08-30 01:24:44.513] [exthost] [warning] [Decorations] CAPPING events from decorations provider vscode.git 678
[2021-08-30 01:24:49.577] [exthost] [warning] [Decorations] CAPPING events from decorations provider vscode.git 678
[2021-08-30 01:24:54.635] [exthost] [warning] [Decorations] CAPPING events from decorations provider vscode.git 678
[2021-08-30 01:24:59.698] [exthost] [warning] [Decorations] CAPPING events from decorations provider vscode.git 678
[2021-08-30 01:25:04.759] [exthost] [warning] [Decorations] CAPPING events from decorations provider vscode.git 678
[2021-08-30 01:25:09.823] [exthost] [warning] [Decorations] CAPPING events from decorations provider vscode.git 678
[2021-08-30 01:25:14.886] [exthost] [warning] [Decorations] CAPPING events from decorations provider vscode.git 678
[2021-08-30 01:25:19.945] [exthost] [warning] [Decorations] CAPPING events from decorations provider vscode.git 678
[2021-08-30 01:25:25.010] [exthost] [warning] [Decorations] CAPPING events from decorations provider vscode.git 678
[2021-08-30 01:25:30.072] [exthost] [warning] [Decorations] CAPPING events from decorations provider vscode.git 678
[2021-08-30 01:25:35.138] [exthost] [warning] [Decorations] CAPPING events from decorations provider vscode.git 678
[2021-08-30 01:25:40.192] [exthost] [warning] [Decorations] CAPPING events from decorations provider vscode.git 678
[2021-08-30 01:25:45.249] [exthost] [warning] [Decorations] CAPPING events from decorations provider vscode.git 678
[2021-08-30 01:25:50.307] [exthost] [warning] [Decorations] CAPPING events from decorations provider vscode.git 678
[2021-08-30 01:25:55.364] [exthost] [warning] [Decorations] CAPPING events from decorations provider vscode.git 678
[2021-08-30 01:26:00.426] [exthost] [warning] [Decorations] CAPPING events from decorations provider vscode.git 678
[2021-08-30 01:26:05.492] [exthost] [warning] [Decorations] CAPPING events from decorations provider vscode.git 678
[2021-08-30 01:26:10.555] [exthost] [warning] [Decorations] CAPPING events from decorations provider vscode.git 678
[2021-08-30 01:26:15.616] [exthost] [warning] [Decorations] CAPPING events from decorations provider vscode.git 678
[2021-08-30 01:26:20.679] [exthost] [warning] [Decorations] CAPPING events from decorations provider vscode.git 678
[2021-08-30 01:26:25.742] [exthost] [warning] [Decorations] CAPPING events from decorations provider vscode.git 678
[2021-08-30 01:26:30.807] [exthost] [warning] [Decorations] CAPPING events from decorations provider vscode.git 678
[2021-08-30 01:26:35.869] [exthost] [warning] [Decorations] CAPPING events from decorations provider vscode.git 678
[2021-08-30 01:26:40.935] [exthost] [warning] [Decorations] CAPPING events from decorations provider vscode.git 678
[2021-08-30 01:26:45.998] [exthost] [warning] [Decorations] CAPPING events from decorations provider vscode.git 678
[2021-08-30 01:26:51.058] [exthost] [warning] [Decorations] CAPPING events from decorations provider vscode.git 678
[2021-08-30 01:26:56.112] [exthost] [warning] [Decorations] CAPPING events from decorations provider vscode.git 678
[2021-08-30 01:27:01.170] [exthost] [warning] [Decorations] CAPPING events from decorations provider vscode.git 678
[2021-08-30 01:27:06.234] [exthost] [warning] [Decorations] CAPPING events from decorations provider vscode.git 678
[2021-08-30 01:27:11.296] [exthost] [warning] [Decorations] CAPPING events from decorations provider vscode.git 678
[2021-08-30 01:27:16.349] [exthost] [warning] [Decorations] CAPPING events from decorations provider vscode.git 678
[2021-08-30 01:27:21.418] [exthost] [warning] [Decorations] CAPPING events from decorations provider vscode.git 678
[2021-08-30 01:27:26.478] [exthost] [warning] [Decorations] CAPPING events from decorations provider vscode.git 678
[2021-08-30 01:27:31.557] [exthost] [warning] [Decorations] CAPPING events from decorations provider vscode.git 678
[2021-08-30 01:27:36.623] [exthost] [warning] [Decorations] CAPPING events from decorations provider vscode.git 678
[2021-08-30 01:27:41.683] [exthost] [warning] [Decorations] CAPPING events from decorations provider vscode.git 678
[2021-08-30 01:27:46.741] [exthost] [warning] [Decorations] CAPPING events from decorations provider vscode.git 678
[2021-08-30 01:27:51.801] [exthost] [warning] [Decorations] CAPPING events from decorations provider vscode.git 678
[2021-08-30 01:27:56.861] [exthost] [warning] [Decorations] CAPPING events from decorations provider vscode.git 678
[2021-08-30 01:28:01.926] [exthost] [warning] [Decorations] CAPPING events from decorations provider vscode.git 678
[2021-08-30 01:28:06.989] [exthost] [warning] [Decorations] CAPPING events from decorations provider vscode.git 678
[2021-08-30 01:28:12.049] [exthost] [warning] [Decorations] CAPPING events from decorations provider vscode.git 678
[2021-08-30 01:28:17.120] [exthost] [warning] [Decorations] CAPPING events from decorations provider vscode.git 678
[2021-08-30 01:28:22.184] [exthost] [warning] [Decorations] CAPPING events from decorations provider vscode.git 678
[2021-08-30 01:28:27.248] [exthost] [warning] [Decorations] CAPPING events from decorations provider vscode.git 678
[2021-08-30 01:28:32.311] [exthost] [warning] [Decorations] CAPPING events from decorations provider vscode.git 678
[2021-08-30 01:28:37.372] [exthost] [warning] [Decorations] CAPPING events from decorations provider vscode.git 678
[2021-08-30 01:28:42.438] [exthost] [warning] [Decorations] CAPPING events from decorations provider vscode.git 678
[2021-08-30 01:28:47.499] [exthost] [warning] [Decorations] CAPPING events from decorations provider vscode.git 678
[2021-08-30 01:28:52.559] [exthost] [warning] [Decorations] CAPPING events from decorations provider vscode.git 678
[2021-08-30 01:28:57.623] [exthost] [warning] [Decorations] CAPPING events from decorations provider vscode.git 678
[2021-08-30 01:29:02.683] [exthost] [warning] [Decorations] CAPPING events from decorations provider vscode.git 678
[2021-08-30 01:29:07.732] [exthost] [warning] [Decorations] CAPPING events from decorations provider vscode.git 678
[2021-08-30 01:29:12.784] [exthost] [warning] [Decorations] CAPPING events from decorations provider vscode.git 678
[2021-08-30 01:29:17.847] [exthost] [warning] [Decorations] CAPPING events from decorations provider vscode.git 678
[2021-08-30 01:29:22.908] [exthost] [warning] [Decorations] CAPPING events from decorations provider vscode.git 678
[2021-08-30 01:29:27.969] [exthost] [warning] [Decorations] CAPPING events from decorations provider vscode.git 678
[2021-08-30 01:29:33.034] [exthost] [warning] [Decorations] CAPPING events from decorations provider vscode.git 678
[2021-08-30 01:29:38.097] [exthost] [warning] [Decorations] CAPPING events from decorations provider vscode.git 678
[2021-08-30 01:29:43.161] [exthost] [warning] [Decorations] CAPPING events from decorations provider vscode.git 678
[2021-08-30 01:29:48.218] [exthost] [warning] [Decorations] CAPPING events from decorations provider vscode.git 678
[2021-08-30 01:29:53.276] [exthost] [warning] [Decorations] CAPPING events from decorations provider vscode.git 678
[2021-08-30 01:29:58.325] [exthost] [warning] [Decorations] CAPPING events from decorations provider vscode.git 678
[2021-08-30 01:30:03.384] [exthost] [warning] [Decorations] CAPPING events from decorations provider vscode.git 678
[2021-08-30 01:30:08.448] [exthost] [warning] [Decorations] CAPPING events from decorations provider vscode.git 678
[2021-08-30 01:30:13.512] [exthost] [warning] [Decorations] CAPPING events from decorations provider vscode.git 678
[2021-08-30 01:30:18.574] [exthost] [warning] [Decorations] CAPPING events from decorations provider vscode.git 678
[2021-08-30 01:30:23.641] [exthost] [warning] [Decorations] CAPPING events from decorations provider vscode.git 678
[2021-08-30 01:30:28.695] [exthost] [warning] [Decorations] CAPPING events from decorations provider vscode.git 678
[2021-08-30 01:30:33.754] [exthost] [warning] [Decorations] CAPPING events from decorations provider vscode.git 678
[2021-08-30 01:30:38.819] [exthost] [warning] [Decorations] CAPPING events from decorations provider vscode.git 678
[2021-08-30 01:30:59.138] [exthost] [info] extension host terminating: renderer closed the socket
[2021-08-30 01:31:00.151] [exthost] [info] exiting with code 0
