[2021-08-29 23:43:28.797] [exthost] [info] extension host started
[2021-08-29 23:43:28.797] [exthost] [info] Skipping acquiring lock for /home/kasey/.config/VSCodium/User/workspaceStorage/40cb74cd7b6c5c43d91090f53d8de327.
[2021-08-29 23:43:28.846] [exthost] [info] ExtensionService#_doActivateExtension vscode.debug-auto-launch {"startup":true,"extensionId":{"value":"vscode.debug-auto-launch","_lower":"vscode.debug-auto-launch"},"activationEvent":"*"}
[2021-08-29 23:43:28.847] [exthost] [info] ExtensionService#loadCommonJSModule file:///usr/share/vscodium-git/resources/app/extensions/debug-auto-launch/dist/extension
[2021-08-29 23:43:28.853] [exthost] [info] ExtensionService#_doActivateExtension vscode.git {"startup":true,"extensionId":{"value":"vscode.github","_lower":"vscode.github"},"activationEvent":"*"}
[2021-08-29 23:43:28.853] [exthost] [info] ExtensionService#loadCommonJSModule file:///usr/share/vscodium-git/resources/app/extensions/git/dist/main
[2021-08-29 23:43:28.986] [exthost] [info] ExtensionService#_doActivateExtension vscode.github {"startup":true,"extensionId":{"value":"vscode.github","_lower":"vscode.github"},"activationEvent":"*"}
[2021-08-29 23:43:28.986] [exthost] [info] ExtensionService#loadCommonJSModule file:///usr/share/vscodium-git/resources/app/extensions/github/dist/extension.js
[2021-08-29 23:43:29.025] [exthost] [warning] [Decorations] CAPPING events from decorations provider vscode.git 445
[2021-08-29 23:43:29.035] [exthost] [info] eager extensions activated
[2021-08-29 23:43:29.062] [exthost] [info] ExtensionService#_doActivateExtension ms-vscode.js-debug {"startup":false,"extensionId":{"value":"ms-vscode.js-debug","_lower":"ms-vscode.js-debug"},"activationEvent":"onCommand:extension.js-debug.clearAutoAttachVariables"}
[2021-08-29 23:43:29.062] [exthost] [info] ExtensionService#loadCommonJSModule file:///usr/share/vscodium-git/resources/app/extensions/ms-vscode.js-debug/src/extension.js
[2021-08-29 23:43:29.249] [exthost] [info] ExtensionService#_doActivateExtension vscode.emmet {"startup":false,"extensionId":{"value":"vscode.emmet","_lower":"vscode.emmet"},"activationEvent":"onStartupFinished"}
[2021-08-29 23:43:29.249] [exthost] [info] ExtensionService#loadCommonJSModule file:///usr/share/vscodium-git/resources/app/extensions/emmet/dist/node/emmetNodeMain
[2021-08-29 23:43:29.263] [exthost] [info] ExtensionService#_doActivateExtension vscode.merge-conflict {"startup":false,"extensionId":{"value":"vscode.merge-conflict","_lower":"vscode.merge-conflict"},"activationEvent":"onStartupFinished"}
[2021-08-29 23:43:29.263] [exthost] [info] ExtensionService#loadCommonJSModule file:///usr/share/vscodium-git/resources/app/extensions/merge-conflict/dist/mergeConflictMain
[2021-08-29 23:43:31.379] [exthost] [warning] [Decorations] CAPPING events from decorations provider vscode.git 445
[2021-08-29 23:43:36.445] [exthost] [warning] [Decorations] CAPPING events from decorations provider vscode.git 469
[2021-08-29 23:43:44.378] [exthost] [warning] [Decorations] CAPPING events from decorations provider vscode.git 638
[2021-08-29 23:43:49.445] [exthost] [warning] [Decorations] CAPPING events from decorations provider vscode.git 638
[2021-08-29 23:43:54.499] [exthost] [warning] [Decorations] CAPPING events from decorations provider vscode.git 640
[2021-08-29 23:43:59.549] [exthost] [warning] [Decorations] CAPPING events from decorations provider vscode.git 641
[2021-08-29 23:44:04.614] [exthost] [warning] [Decorations] CAPPING events from decorations provider vscode.git 641
[2021-08-29 23:44:09.689] [exthost] [warning] [Decorations] CAPPING events from decorations provider vscode.git 641
[2021-08-29 23:44:14.760] [exthost] [warning] [Decorations] CAPPING events from decorations provider vscode.git 641
[2021-08-29 23:44:20.107] [exthost] [warning] [Decorations] CAPPING events from decorations provider vscode.git 641
[2021-08-29 23:44:25.173] [exthost] [warning] [Decorations] CAPPING events from decorations provider vscode.git 641
[2021-08-29 23:51:22.946] [exthost] [warning] [Decorations] CAPPING events from decorations provider vscode.git 642
[2021-08-29 23:51:28.012] [exthost] [warning] [Decorations] CAPPING events from decorations provider vscode.git 642
[2021-08-29 23:51:33.079] [exthost] [warning] [Decorations] CAPPING events from decorations provider vscode.git 642
[2021-08-29 23:51:38.139] [exthost] [warning] [Decorations] CAPPING events from decorations provider vscode.git 642
[2021-08-29 23:51:43.207] [exthost] [warning] [Decorations] CAPPING events from decorations provider vscode.git 642
[2021-08-29 23:51:48.259] [exthost] [warning] [Decorations] CAPPING events from decorations provider vscode.git 643
[2021-08-29 23:51:53.312] [exthost] [warning] [Decorations] CAPPING events from decorations provider vscode.git 642
[2021-08-29 23:51:58.375] [exthost] [warning] [Decorations] CAPPING events from decorations provider vscode.git 642
[2021-08-29 23:52:03.442] [exthost] [warning] [Decorations] CAPPING events from decorations provider vscode.git 642
[2021-08-29 23:52:08.517] [exthost] [warning] [Decorations] CAPPING events from decorations provider vscode.git 642
[2021-08-29 23:52:13.589] [exthost] [warning] [Decorations] CAPPING events from decorations provider vscode.git 642
[2021-08-29 23:52:18.641] [exthost] [warning] [Decorations] CAPPING events from decorations provider vscode.git 642
[2021-08-29 23:52:23.696] [exthost] [warning] [Decorations] CAPPING events from decorations provider vscode.git 642
[2021-08-29 23:52:53.853] [exthost] [warning] [Decorations] CAPPING events from decorations provider vscode.git 642
[2021-08-29 23:52:58.918] [exthost] [warning] [Decorations] CAPPING events from decorations provider vscode.git 642
[2021-08-29 23:53:03.985] [exthost] [warning] [Decorations] CAPPING events from decorations provider vscode.git 642
